delta_m[6] = [!8!]
delta_m[9] = [!31!]
delta_m[15] = [!31!]
------------minimum path------------
Q13:	| +....... ........ ........ ........ |
Q14:	| ........ ........ .......- ........ |
Q15:	| +....... ........ ........ ........ |
Q16:	| +....... ........ .......^ ........ |[!!]RC=5 ok p=1
Q17:	| -....... ........ ........ ........ |[!8!]RC=9 ok p=1
Q18:	| -....... ........ ........ ........ |[!!]RC=14 ok p=1
Q19:	| -....... ........ ........ ........ |[!!]RC=20 ok p=1
Q20:	| -....... ........ ........ ........ |[!!]RC=5 ok p=1
Q21:	| -....... ........ ........ ........ |[!!]RC=9 ok p=1
Q22:	| +....... ........ ........ ........ |[!31!]RC=14 ok p=1
Q23:	| +....... ........ ........ ........ |[!!]RC=20 ok p=1
Q24:	| -....... ........ ........ ........ |[!31!]RC=5 ok p=1
Q25:	| -....... ........ ........ ........ |[!!]RC=9 ok p=1
Q26:	| -....... ........ ........ ........ |[!!]RC=14 ok p=1
Q27:	| -....... ........ ........ ........ |[!!]RC=20 ok p=1
Q28:	| -....... ........ ........ ........ |[!!]RC=5 ok p=1
Q29:	| -....... ........ ........ ........ |[!!]RC=9 ok p=1
Q30:	| -....... ........ ........ ........ |[!!]RC=14 ok p=1
Q31:	| -....... ........ ........ ........ |[!!]RC=20 ok p=1
Q32:	| +....... ........ ........ ........ |[!!]RC=4 ok p=1
Q33:	| -....... ........ ........ ........ |[!!]RC=11 ok p=1
Q34:	| +....... ........ ........ ........ |[!!]RC=16 ok p=1
Q35:	| +....... ........ ........ ........ |[!!]RC=23 ok p=1
Q36:	| -....... ........ ........ ........ |[!!]RC=4 ok p=1
Q37:	| -....... ........ ........ ........ |[!!]RC=11 ok p=1
Q38:	| +....... ........ ........ ........ |[!!]RC=16 ok p=1
Q39:	| +....... ........ ........ ........ |[!!]RC=23 ok p=1
Q40:	| +....... ........ ........ ........ |[!!]RC=4 ok p=1
Q41:	| -....... ........ ........ ........ |[!!]RC=11 ok p=1
Q42:	| +....... ........ ........ ........ |[!!]RC=16 ok p=1
Q43:	| -....... ........ ........ ........ |[!8!]RC=23 ok p=0.509766
Q44:	| Y....... ........ ........ ........ |[!31!]RC=4 ok p=1
Q45:	| ........ ........ ........ ........ |[!!]RC=11 ok p=1
Q46:	| ........ ........ ........ ........ |[!31!]RC=16 ok p=1
Q47:	| ........ ........ ........ ........ |[!!]RC=23 ok p=1
Q48:	| ........ ........ ........ ........ |[!!]RC=6 ok p=1
Q49:	| ........ ........ ........ ........ |[!!]RC=10 ok p=1
Q50:	| ........ ........ ........ ........ |[!!]RC=15 ok p=1
Q51:	| ........ ........ ........ ........ |[!!]RC=21 ok p=1
Q52:	| ........ ........ ........ ........ |[!!]RC=6 ok p=1
Q53:	| ........ ........ ........ ........ |[!!]RC=10 ok p=1
Q54:	| ........ ........ ........ ........ |[!!]RC=15 ok p=1
Q55:	| ........ ........ ........ ........ |[!!]RC=21 ok p=1
Q56:	| ........ ........ ......0. ........ |[!!]RC=6 ok p=1
Q57:	| ........ 0....... ......1. ........ |[!31!]RC=10 ok p=0.5
Q58:	| ........ 1....... .....0+. ........ |[!8!]RC=15 ok p=1
Q59:	| .......0 +....... .....Q+. ........ |[!!]RC=21 ok p=1
Q60:	| .......Q +....... .....+-. ........ |[!!]RC=6 ok p=1
Q61:	| .......+ -....... ......+. ........ |[!!]RC=10 ok p=1
Q62:	| ........ +....... .....1+. ........ |[!!]RC=15 ok p=0.995117
Q63:	| .......+ +....... ......+. ........ |[!31!]RC=21 ok p=0.511719
Q64:	| ......+. -..-.... ...+..+. ........ |

------------maximum path------------
Q13:	| ........ ..-..... .......- ........ |
Q14:	| .....+.. ......+. ......-+ ........ |
Q15:	| .....1.. ........ .......0 ........ |
Q16:	| .....1.. ......^. ......^1 ........ |[!!]RC=5 ok p=0.976562
Q17:	| .....-.. ........ ........ ........ |[!8!]RC=9 ok p=0.985352
Q18:	| ........ ........ ........ ........ |[!!]RC=14 ok p=1
Q19:	| 0....^.. ........ ........ ........ |[!!]RC=20 ok p=1
Q20:	| 0....... ........ ........ ........ |[!!]RC=5 ok p=0.464844
Q21:	| -....... ........ ........ ........ |[!!]RC=9 ok p=1
Q22:	| +....... ........ ........ ........ |[!31!]RC=14 ok p=1
Q23:	| -....... ........ ........ ........ |[!!]RC=20 ok p=1
Q24:	| +....... ........ ........ ........ |[!31!]RC=5 ok p=1
Q25:	| +....... ........ ........ ........ |[!!]RC=9 ok p=1
Q26:	| +....... ........ ........ ........ |[!!]RC=14 ok p=1
Q27:	| +....... ........ ........ ........ |[!!]RC=20 ok p=1
Q28:	| +....... ........ ........ ........ |[!!]RC=5 ok p=1
Q29:	| +....... ........ ........ ........ |[!!]RC=9 ok p=1
Q30:	| +....... ........ ........ ........ |[!!]RC=14 ok p=1
Q31:	| +....... ........ ........ ........ |[!!]RC=20 ok p=1
Q32:	| -....... ........ ........ ........ |[!!]RC=4 ok p=1
Q33:	| +....... ........ ........ ........ |[!!]RC=11 ok p=1
Q34:	| +....... ........ ........ ........ |[!!]RC=16 ok p=1
Q35:	| +....... ........ ........ ........ |[!!]RC=23 ok p=1
Q36:	| +....... ........ ........ ........ |[!!]RC=4 ok p=1
Q37:	| -....... ........ ........ ........ |[!!]RC=11 ok p=1
Q38:	| -....... ........ ........ ........ |[!!]RC=16 ok p=1
Q39:	| +....... ........ ........ ........ |[!!]RC=23 ok p=1
Q40:	| +....... ........ ........ ........ |[!!]RC=4 ok p=1
Q41:	| -....... ........ ........ ........ |[!!]RC=11 ok p=1
Q42:	| +....... ........ ........ ........ |[!!]RC=16 ok p=1
Q43:	| -....... ........ ........ ........ |[!8!]RC=23 ok p=0.510742
Q44:	| Y....... ........ ........ ........ |[!31!]RC=4 ok p=1
Q45:	| ........ ........ ........ ........ |[!!]RC=11 ok p=1
Q46:	| ........ ........ ........ ........ |[!31!]RC=16 ok p=1
Q47:	| ........ ........ ........ ........ |[!!]RC=23 ok p=1
Q48:	| ........ ........ ........ ........ |[!!]RC=6 ok p=1
Q49:	| ........ ........ ........ ........ |[!!]RC=10 ok p=1
Q50:	| ........ ........ ........ ........ |[!!]RC=15 ok p=1
Q51:	| ........ ........ ........ ........ |[!!]RC=21 ok p=1
Q52:	| ........ ........ ........ ........ |[!!]RC=6 ok p=1
Q53:	| ........ ........ ........ ........ |[!!]RC=10 ok p=1
Q54:	| ........ ........ ........ ........ |[!!]RC=15 ok p=1
Q55:	| ........ ........ ........ ........ |[!!]RC=21 ok p=1
Q56:	| ........ ........ ......0. ........ |[!!]RC=6 ok p=1
Q57:	| ........ 0....... ......1. ........ |[!31!]RC=10 ok p=0.517578
Q58:	| ........ 1....... .....0+. ........ |[!8!]RC=15 ok p=0.999023
Q59:	| .......0 +....... .....Q+. ........ |[!!]RC=21 ok p=1
Q60:	| .......Q +....... .....+-. ........ |[!!]RC=6 ok p=1
Q61:	| .......+ -....... ......+. ........ |[!!]RC=10 ok p=1
Q62:	| ........ +....... .....1+. ........ |[!!]RC=15 ok p=0.998047
Q63:	| .......+ +....... ......+. ........ |[!31!]RC=21 ok p=0.479492
Q64:	| ......+. -..-.... ...+..+. ........ |


delta_m[6] = [!-8!]
delta_m[9] = [!31!]
delta_m[15] = [!31!]
------------minimum path------------
Q13:	| +....... ........ ........ ........ |
Q14:	| ........ ........ .......+ ........ |
Q15:	| +....... ........ ........ ........ |
Q16:	| +....... ........ .......^ ........ |[!!]RC=5 ok p=1
Q17:	| -....... ........ ........ ........ |[!-8!]RC=9 ok p=1
Q18:	| -....... ........ ........ ........ |[!!]RC=14 ok p=1
Q19:	| -....... ........ ........ ........ |[!!]RC=20 ok p=1
Q20:	| -....... ........ ........ ........ |[!!]RC=5 ok p=1
Q21:	| -....... ........ ........ ........ |[!!]RC=9 ok p=1
Q22:	| +....... ........ ........ ........ |[!31!]RC=14 ok p=1
Q23:	| +....... ........ ........ ........ |[!!]RC=20 ok p=1
Q24:	| -....... ........ ........ ........ |[!31!]RC=5 ok p=1
Q25:	| -....... ........ ........ ........ |[!!]RC=9 ok p=1
Q26:	| -....... ........ ........ ........ |[!!]RC=14 ok p=1
Q27:	| -....... ........ ........ ........ |[!!]RC=20 ok p=1
Q28:	| -....... ........ ........ ........ |[!!]RC=5 ok p=1
Q29:	| -....... ........ ........ ........ |[!!]RC=9 ok p=1
Q30:	| -....... ........ ........ ........ |[!!]RC=14 ok p=1
Q31:	| -....... ........ ........ ........ |[!!]RC=20 ok p=1
Q32:	| -....... ........ ........ ........ |[!!]RC=4 ok p=1
Q33:	| +....... ........ ........ ........ |[!!]RC=11 ok p=1
Q34:	| +....... ........ ........ ........ |[!!]RC=16 ok p=1
Q35:	| -....... ........ ........ ........ |[!!]RC=23 ok p=1
Q36:	| +....... ........ ........ ........ |[!!]RC=4 ok p=1
Q37:	| +....... ........ ........ ........ |[!!]RC=11 ok p=1
Q38:	| -....... ........ ........ ........ |[!!]RC=16 ok p=1
Q39:	| +....... ........ ........ ........ |[!!]RC=23 ok p=1
Q40:	| +....... ........ ........ ........ |[!!]RC=4 ok p=1
Q41:	| +....... ........ ........ ........ |[!!]RC=11 ok p=1
Q42:	| +....... ........ ........ ........ |[!!]RC=16 ok p=1
Q43:	| -....... ........ ........ ........ |[!-8!]RC=23 ok p=0.551758
Q44:	| Y....... ........ ........ ........ |[!31!]RC=4 ok p=1
Q45:	| ........ ........ ........ ........ |[!!]RC=11 ok p=1
Q46:	| ........ ........ ........ ........ |[!31!]RC=16 ok p=1
Q47:	| ........ ........ ........ ........ |[!!]RC=23 ok p=1
Q48:	| ........ ........ ........ ........ |[!!]RC=6 ok p=1
Q49:	| ........ ........ ........ ........ |[!!]RC=10 ok p=1
Q50:	| ........ ........ ........ ........ |[!!]RC=15 ok p=1
Q51:	| ........ ........ ........ ........ |[!!]RC=21 ok p=1
Q52:	| ........ ........ ........ ........ |[!!]RC=6 ok p=1
Q53:	| ........ ........ ........ ........ |[!!]RC=10 ok p=1
Q54:	| ........ ........ ........ ........ |[!!]RC=15 ok p=1
Q55:	| ........ ........ ........ ........ |[!!]RC=21 ok p=1
Q56:	| ........ ........ ......0. ........ |[!!]RC=6 ok p=1
Q57:	| ........ 0....... ......1. ........ |[!31!]RC=10 ok p=0.496094
Q58:	| ........ 1....... .....0+. ........ |[!-8!]RC=15 ok p=0.999023
Q59:	| .......0 -....... .....Q+. ........ |[!!]RC=21 ok p=1
Q60:	| .......Q -....... .....+-. ........ |[!!]RC=6 ok p=1
Q61:	| .......- +....... ......+. ........ |[!!]RC=10 ok p=1
Q62:	| ........ -....... .....1+. ........ |[!!]RC=15 ok p=0.999023
Q63:	| .......1 +....... ......+. ........ |[!31!]RC=21 ok p=0.501953
Q64:	| ........ +..+.... ......+. ........ |

------------maximum path------------
Q13:	| .....+.. .-...... ........ ........ |
Q14:	| 0....... .-...... ......+- ........ |
Q15:	| 1....... .1...... ........ ........ |
Q16:	| -....... .0...... ......^^ ........ |[!!]RC=5 ok p=0.507812
Q17:	| 1....... ........ ........ ........ |[!-8!]RC=9 ok p=0.499023
Q18:	| -....... ........ ........ ........ |[!!]RC=14 ok p=1
Q19:	| +....... ........ ........ ........ |[!!]RC=20 ok p=1
Q20:	| -....... ........ ........ ........ |[!!]RC=5 ok p=1
Q21:	| -....... ........ ........ ........ |[!!]RC=9 ok p=1
Q22:	| +....... ........ ........ ........ |[!31!]RC=14 ok p=1
Q23:	| +....... ........ ........ ........ |[!!]RC=20 ok p=1
Q24:	| -....... ........ ........ ........ |[!31!]RC=5 ok p=1
Q25:	| -....... ........ ........ ........ |[!!]RC=9 ok p=1
Q26:	| -....... ........ ........ ........ |[!!]RC=14 ok p=1
Q27:	| -....... ........ ........ ........ |[!!]RC=20 ok p=1
Q28:	| -....... ........ ........ ........ |[!!]RC=5 ok p=1
Q29:	| -....... ........ ........ ........ |[!!]RC=9 ok p=1
Q30:	| -....... ........ ........ ........ |[!!]RC=14 ok p=1
Q31:	| -....... ........ ........ ........ |[!!]RC=20 ok p=1
Q32:	| +....... ........ ........ ........ |[!!]RC=4 ok p=1
Q33:	| -....... ........ ........ ........ |[!!]RC=11 ok p=1
Q34:	| +....... ........ ........ ........ |[!!]RC=16 ok p=1
Q35:	| -....... ........ ........ ........ |[!!]RC=23 ok p=1
Q36:	| -....... ........ ........ ........ |[!!]RC=4 ok p=1
Q37:	| -....... ........ ........ ........ |[!!]RC=11 ok p=1
Q38:	| -....... ........ ........ ........ |[!!]RC=16 ok p=1
Q39:	| +....... ........ ........ ........ |[!!]RC=23 ok p=1
Q40:	| +....... ........ ........ ........ |[!!]RC=4 ok p=1
Q41:	| +....... ........ ........ ........ |[!!]RC=11 ok p=1
Q42:	| +....... ........ ........ ........ |[!!]RC=16 ok p=1
Q43:	| -....... ........ ........ ........ |[!-8!]RC=23 ok p=0.500977
Q44:	| Y....... ........ ........ ........ |[!31!]RC=4 ok p=1
Q45:	| ........ ........ ........ ........ |[!!]RC=11 ok p=1
Q46:	| ........ ........ ........ ........ |[!31!]RC=16 ok p=1
Q47:	| ........ ........ ........ ........ |[!!]RC=23 ok p=1
Q48:	| ........ ........ ........ ........ |[!!]RC=6 ok p=1
Q49:	| ........ ........ ........ ........ |[!!]RC=10 ok p=1
Q50:	| ........ ........ ........ ........ |[!!]RC=15 ok p=1
Q51:	| ........ ........ ........ ........ |[!!]RC=21 ok p=1
Q52:	| ........ ........ ........ ........ |[!!]RC=6 ok p=1
Q53:	| ........ ........ ........ ........ |[!!]RC=10 ok p=1
Q54:	| ........ ........ ........ ........ |[!!]RC=15 ok p=1
Q55:	| ........ ........ ........ ........ |[!!]RC=21 ok p=1
Q56:	| ........ ........ ......0. ........ |[!!]RC=6 ok p=1
Q57:	| ........ 0....... ......1. ........ |[!31!]RC=10 ok p=0.501953
Q58:	| ........ 1....... .....0+. ........ |[!-8!]RC=15 ok p=1
Q59:	| .......0 -....... .....Q+. ........ |[!!]RC=21 ok p=1
Q60:	| .......Q -....... .....+-. ........ |[!!]RC=6 ok p=1
Q61:	| .......- +....... ......+. ........ |[!!]RC=10 ok p=1
Q62:	| ........ -....... .....1+. ........ |[!!]RC=15 ok p=0.99707
Q63:	| .......1 +....... ......+. ........ |[!31!]RC=21 ok p=0.473633
Q64:	| ........ +..+.... ......+. ........ |


delta_m[2] = [!8!]
delta_m[14] = [!31!]
------------minimum path------------
Q13:	| +..+.-.. ..-.+... -.-..+.. -......- |
Q14:	| 1.+..+.0 .....+.. +...0+.. +0+..1-. |
Q15:	| +......0 ..+.00.. -..01... .+..1++. |
Q16:	| 0.^..^.- ..+.1-.. -..1-^.. ^-^..11. |[!!]RC=5 ok p=0.207031
Q17:	| -....0.. ..0.-... 1..-.... .-..---. |[!!]RC=9 ok p=0.849609
Q18:	| -....1.^ ..1..^.. +..+^.0. .1..-... |[!!]RC=14 ok p=1
Q19:	| +....+.0 ....^... ...+..1. .1..+^^. |[!!]RC=20 ok p=0.490234
Q20:	| 0....0.1 ........ ^.01..+0 .-..1... |[!!]RC=5 ok p=0.988281
Q21:	| ^....0.- ......0. ..1-...1 ....^... |[!!]RC=9 ok p=0.487305
Q22:	| ..0..0.. ........ ..-...^- .^...... |[!!]RC=14 ok p=0.469727
Q23:	| 0.1..+.^ .1....+. ...^...0 ........ |[!!]RC=20 ok p=1
Q24:	| 1.+..... .1....+. ..^....0 ........ |[!!]RC=5 ok p=0.609375
Q25:	| -....^.. .+....0. .......1 ........ |[!31!]RC=9 ok p=0.261719
Q26:	| 1.^..... ......-. .......- ........ |[!!]RC=14 ok p=0.47168
Q27:	| -...0... .^....-. ........ ........ |[!!]RC=20 ok p=0.884766
Q28:	| -...1... ......0. .......^ ........ |[!!]RC=5 ok p=1
Q29:	| +...+... ......1. ........ ........ |[!8!]RC=9 ok p=0.920898
Q30:	| +....... ........ ........ ........ |[!!]RC=14 ok p=0.494141
Q31:	| 1...^... ........ ........ ........ |[!!]RC=20 ok p=1
Q32:	| !....... ........ ........ ........ |[!!]RC=4 ok p=0.477539
Q33:	| -....... ........ ........ ........ |[!!]RC=11 ok p=1
Q34:	| +....... ........ ........ ........ |[!!]RC=16 ok p=1
Q35:	| +....... ........ ........ ........ |[!31!]RC=23 ok p=1
Q36:	| -....... ........ ........ ........ |[!!]RC=4 ok p=1
Q37:	| +....... ........ ........ ........ |[!!]RC=11 ok p=1
Q38:	| +....... ........ ........ ........ |[!!]RC=16 ok p=1
Q39:	| +....... ........ ........ ........ |[!!]RC=23 ok p=1
Q40:	| +....... ........ ........ ........ |[!!]RC=4 ok p=1
Q41:	| +....... ........ ........ ........ |[!!]RC=11 ok p=1
Q42:	| +....... ........ ........ ........ |[!!]RC=16 ok p=1
Q43:	| +....... ........ ........ ........ |[!!]RC=23 ok p=1
Q44:	| +....... ........ ........ ........ |[!!]RC=4 ok p=1
Q45:	| -....... ........ ........ ........ |[!!]RC=11 ok p=1
Q46:	| -....... ........ ........ ........ |[!!]RC=16 ok p=1
Q47:	| +....... ........ ........ ........ |[!8!]RC=23 ok p=0.488281
Q48:	| 1....... ........ ........ ........ |[!!]RC=6 ok p=1
Q49:	| 0....... ........ ........ ........ |[!!]RC=10 ok p=1
Q50:	| ........ ........ ........ ........ |[!31!]RC=15 ok p=1
Q51:	| ........ ........ ........ ........ |[!!]RC=21 ok p=1
Q52:	| ........ ........ ........ ........ |[!!]RC=6 ok p=1
Q53:	| ........ ........ ........ ........ |[!!]RC=10 ok p=1
Q54:	| ........ ........ ........ ........ |[!!]RC=15 ok p=1
Q55:	| ........ ........ ........ ........ |[!!]RC=21 ok p=1
Q56:	| ........ ........ ........ ........ |[!!]RC=6 ok p=1
Q57:	| ........ ........ ........ ........ |[!!]RC=10 ok p=1
Q58:	| ........ ........ ........ ........ |[!!]RC=15 ok p=1
Q59:	| ........ ........ ........ ........ |[!!]RC=21 ok p=1
Q60:	| ........ ........ ........ ........ |[!!]RC=6 ok p=1
Q61:	| ........ 0....... ........ ........ |[!!]RC=10 ok p=1
Q62:	| ........ ........ ........ ........ |[!8!]RC=15 ok p=0.994141
Q63:	| ........ +....... ........ ........ |[!!]RC=21 ok p=1
Q64:	| ........ +....... ........ ........ |

------------maximum path------------
Q13:	| +..+.+.+ ..-.+... -.-..+.. ....-.+. |
Q14:	| +.+...++ .....0.. +...++.. +1.+.++. |
Q15:	| -......1 ..+.01.. -..00... .+..0++. |
Q16:	| 1.^...^- ..+.1-.. -..1-^.. ^-.^.11. |[!!]RC=5 ok p=0.282227
Q17:	| +....0.. ..0.-... 1..-.... .-..---. |[!!]RC=9 ok p=0.860352
Q18:	| +....1.^ ..1..^.. +..+^.0. .1..-... |[!!]RC=14 ok p=1
Q19:	| -....+.0 ....^... ...+..1. .1..+^^. |[!!]RC=20 ok p=0.506836
Q20:	| 0....0.1 ........ ^.01..+0 .-..1... |[!!]RC=5 ok p=0.982422
Q21:	| ^....0.- ......0. ..1-...1 ....^... |[!!]RC=9 ok p=0.464844
Q22:	| ..0..0.. ........ ..-...^- .^...... |[!!]RC=14 ok p=0.454102
Q23:	| 0.1..+.^ .1....+. ...^...0 ........ |[!!]RC=20 ok p=1
Q24:	| 1.+..... .1....+. ..^....0 ........ |[!!]RC=5 ok p=0.621094
Q25:	| +....^.. .+....0. .......1 ........ |[!31!]RC=9 ok p=0.257812
Q26:	| 0.^..... ......-. .......- ........ |[!!]RC=14 ok p=0.527344
Q27:	| -...0... .^....-. ........ ........ |[!!]RC=20 ok p=0.882812
Q28:	| +...1... ......0. .......^ ........ |[!!]RC=5 ok p=1
Q29:	| -...+... ......1. ........ ........ |[!8!]RC=9 ok p=0.942383
Q30:	| -....... ........ ........ ........ |[!!]RC=14 ok p=0.505859
Q31:	| 1...^... ........ ........ ........ |[!!]RC=20 ok p=1
Q32:	| !....... ........ ........ ........ |[!!]RC=4 ok p=0.514648
Q33:	| -....... ........ ........ ........ |[!!]RC=11 ok p=1
Q34:	| +....... ........ ........ ........ |[!!]RC=16 ok p=1
Q35:	| -....... ........ ........ ........ |[!31!]RC=23 ok p=1
Q36:	| -....... ........ ........ ........ |[!!]RC=4 ok p=1
Q37:	| +....... ........ ........ ........ |[!!]RC=11 ok p=1
Q38:	| -....... ........ ........ ........ |[!!]RC=16 ok p=1
Q39:	| +....... ........ ........ ........ |[!!]RC=23 ok p=1
Q40:	| +....... ........ ........ ........ |[!!]RC=4 ok p=1
Q41:	| +....... ........ ........ ........ |[!!]RC=11 ok p=1
Q42:	| +....... ........ ........ ........ |[!!]RC=16 ok p=1
Q43:	| +....... ........ ........ ........ |[!!]RC=23 ok p=1
Q44:	| +....... ........ ........ ........ |[!!]RC=4 ok p=1
Q45:	| -....... ........ ........ ........ |[!!]RC=11 ok p=1
Q46:	| -....... ........ ........ ........ |[!!]RC=16 ok p=1
Q47:	| +....... ........ ........ ........ |[!8!]RC=23 ok p=0.520508
Q48:	| 1....... ........ ........ ........ |[!!]RC=6 ok p=1
Q49:	| 0....... ........ ........ ........ |[!!]RC=10 ok p=1
Q50:	| ........ ........ ........ ........ |[!31!]RC=15 ok p=1
Q51:	| ........ ........ ........ ........ |[!!]RC=21 ok p=1
Q52:	| ........ ........ ........ ........ |[!!]RC=6 ok p=1
Q53:	| ........ ........ ........ ........ |[!!]RC=10 ok p=1
Q54:	| ........ ........ ........ ........ |[!!]RC=15 ok p=1
Q55:	| ........ ........ ........ ........ |[!!]RC=21 ok p=1
Q56:	| ........ ........ ........ ........ |[!!]RC=6 ok p=1
Q57:	| ........ ........ ........ ........ |[!!]RC=10 ok p=1
Q58:	| ........ ........ ........ ........ |[!!]RC=15 ok p=1
Q59:	| ........ ........ ........ ........ |[!!]RC=21 ok p=1
Q60:	| ........ ........ ........ ........ |[!!]RC=6 ok p=1
Q61:	| ........ 0....... ........ ........ |[!!]RC=10 ok p=1
Q62:	| ........ ........ ........ ........ |[!8!]RC=15 ok p=0.998047
Q63:	| ........ +....... ........ ........ |[!!]RC=21 ok p=1
Q64:	| ........ +....... ........ ........ |


delta_m[2] = [!-8!]
delta_m[14] = [!31!]
------------minimum path------------
Q13:	| +..-.-.- ..+.-... +..+.+.. ........ |
Q14:	| 1.-...-- .....0.. -...-+.. -1-..1+. |
Q15:	| +......1 ..-.01.. +..01... .-..1--. |
Q16:	| 0.^...^+ ..-.1+.. +..1+^.. ^+^..11. |[!!]RC=5 ok p=0.243164
Q17:	| -....0.. ..0.+... 1..+.... .+..+++. |[!!]RC=9 ok p=0.849609
Q18:	| -....1.^ ..1..^.. -..-^.0. .1..+... |[!!]RC=14 ok p=1
Q19:	| +....-.0 ....^... ...-..1. .1..-^^. |[!!]RC=20 ok p=0.523438
Q20:	| 0....0.1 ........ ^.01..-0 .+..1... |[!!]RC=5 ok p=0.982422
Q21:	| ^....0.+ ......0. ..1+...1 ....^... |[!!]RC=9 ok p=0.492188
Q22:	| ..0..0.. ........ ..+...^+ .^...... |[!!]RC=14 ok p=0.481445
Q23:	| 0.1..-.^ .1....-. ...^...0 ........ |[!!]RC=20 ok p=1
Q24:	| 1.-..... .1....-. ..^....0 ........ |[!!]RC=5 ok p=0.621094
Q25:	| -....^.. .-....0. .......1 ........ |[!31!]RC=9 ok p=0.265625
Q26:	| 1.^..... ......+. .......+ ........ |[!!]RC=14 ok p=0.52832
Q27:	| -...0... .^....+. ........ ........ |[!!]RC=20 ok p=0.871094
Q28:	| +...1... ......0. .......^ ........ |[!!]RC=5 ok p=1
Q29:	| -...-... ......1. ........ ........ |[!-8!]RC=9 ok p=0.927734
Q30:	| -....... ........ ........ ........ |[!!]RC=14 ok p=0.49707
Q31:	| 1...^... ........ ........ ........ |[!!]RC=20 ok p=1
Q32:	| !....... ........ ........ ........ |[!!]RC=4 ok p=0.480469
Q33:	| -....... ........ ........ ........ |[!!]RC=11 ok p=1
Q34:	| -....... ........ ........ ........ |[!!]RC=16 ok p=1
Q35:	| +....... ........ ........ ........ |[!31!]RC=23 ok p=1
Q36:	| -....... ........ ........ ........ |[!!]RC=4 ok p=1
Q37:	| -....... ........ ........ ........ |[!!]RC=11 ok p=1
Q38:	| +....... ........ ........ ........ |[!!]RC=16 ok p=1
Q39:	| +....... ........ ........ ........ |[!!]RC=23 ok p=1
Q40:	| +....... ........ ........ ........ |[!!]RC=4 ok p=1
Q41:	| +....... ........ ........ ........ |[!!]RC=11 ok p=1
Q42:	| -....... ........ ........ ........ |[!!]RC=16 ok p=1
Q43:	| +....... ........ ........ ........ |[!!]RC=23 ok p=1
Q44:	| +....... ........ ........ ........ |[!!]RC=4 ok p=1
Q45:	| -....... ........ ........ ........ |[!!]RC=11 ok p=1
Q46:	| +....... ........ ........ ........ |[!!]RC=16 ok p=1
Q47:	| +....... ........ ........ ........ |[!-8!]RC=23 ok p=0.478516
Q48:	| 1....... ........ ........ ........ |[!!]RC=6 ok p=1
Q49:	| 0....... ........ ........ ........ |[!!]RC=10 ok p=1
Q50:	| ........ ........ ........ ........ |[!31!]RC=15 ok p=1
Q51:	| ........ ........ ........ ........ |[!!]RC=21 ok p=1
Q52:	| ........ ........ ........ ........ |[!!]RC=6 ok p=1
Q53:	| ........ ........ ........ ........ |[!!]RC=10 ok p=1
Q54:	| ........ ........ ........ ........ |[!!]RC=15 ok p=1
Q55:	| ........ ........ ........ ........ |[!!]RC=21 ok p=1
Q56:	| ........ ........ ........ ........ |[!!]RC=6 ok p=1
Q57:	| ........ ........ ........ ........ |[!!]RC=10 ok p=1
Q58:	| ........ ........ ........ ........ |[!!]RC=15 ok p=1
Q59:	| ........ ........ ........ ........ |[!!]RC=21 ok p=1
Q60:	| ........ ........ ........ ........ |[!!]RC=6 ok p=1
Q61:	| ........ 0....... ........ ........ |[!!]RC=10 ok p=1
Q62:	| ........ ........ ........ ........ |[!-8!]RC=15 ok p=0.998047
Q63:	| ........ -....... ........ ........ |[!!]RC=21 ok p=1
Q64:	| ........ -....... ........ ........ |

------------maximum path------------
Q13:	| ...-.+.- ..+.-... +.+..-.. +....+.. |
Q14:	| 0.-..-.1 .....0.. -...0-.. -0-..0+. |
Q15:	| -......0 ..-.01.. +..01... .-..1--. |
Q16:	| 1.^..^.+ ..-.1+.. +..1+^.. ^+^..11. |[!!]RC=5 ok p=0.28125
Q17:	| -....0.. ..0.+... 1..+.... .+..+++. |[!!]RC=9 ok p=0.868164
Q18:	| -....1.^ ..1..^.. -..-^.0. .1..+... |[!!]RC=14 ok p=1
Q19:	| +....-.0 ....^... ...-..1. .1..-^^. |[!!]RC=20 ok p=0.537109
Q20:	| 0....0.1 ........ ^.01..-0 .+..1... |[!!]RC=5 ok p=0.988281
Q21:	| ^....0.+ ......0. ..1+...1 ....^... |[!!]RC=9 ok p=0.460938
Q22:	| ..0..0.. ........ ..+...^+ .^...... |[!!]RC=14 ok p=0.481445
Q23:	| 0.1..-.^ .1....-. ...^...0 ........ |[!!]RC=20 ok p=1
Q24:	| 1.-..... .1....-. ..^....0 ........ |[!!]RC=5 ok p=0.59375
Q25:	| +....^.. .-....0. .......1 ........ |[!31!]RC=9 ok p=0.261719
Q26:	| 0.^..... ......+. .......+ ........ |[!!]RC=14 ok p=0.469727
Q27:	| -...0... .^....+. ........ ........ |[!!]RC=20 ok p=0.875
Q28:	| +...1... ......0. .......^ ........ |[!!]RC=5 ok p=1
Q29:	| -...-... ......1. ........ ........ |[!-8!]RC=9 ok p=0.947266
Q30:	| -....... ........ ........ ........ |[!!]RC=14 ok p=0.493164
Q31:	| 1...^... ........ ........ ........ |[!!]RC=20 ok p=1
Q32:	| !....... ........ ........ ........ |[!!]RC=4 ok p=0.505859
Q33:	| +....... ........ ........ ........ |[!!]RC=11 ok p=1
Q34:	| -....... ........ ........ ........ |[!!]RC=16 ok p=1
Q35:	| -....... ........ ........ ........ |[!31!]RC=23 ok p=1
Q36:	| +....... ........ ........ ........ |[!!]RC=4 ok p=1
Q37:	| +....... ........ ........ ........ |[!!]RC=11 ok p=1
Q38:	| -....... ........ ........ ........ |[!!]RC=16 ok p=1
Q39:	| +....... ........ ........ ........ |[!!]RC=23 ok p=1
Q40:	| +....... ........ ........ ........ |[!!]RC=4 ok p=1
Q41:	| +....... ........ ........ ........ |[!!]RC=11 ok p=1
Q42:	| -....... ........ ........ ........ |[!!]RC=16 ok p=1
Q43:	| +....... ........ ........ ........ |[!!]RC=23 ok p=1
Q44:	| +....... ........ ........ ........ |[!!]RC=4 ok p=1
Q45:	| -....... ........ ........ ........ |[!!]RC=11 ok p=1
Q46:	| +....... ........ ........ ........ |[!!]RC=16 ok p=1
Q47:	| +....... ........ ........ ........ |[!-8!]RC=23 ok p=0.499023
Q48:	| 1....... ........ ........ ........ |[!!]RC=6 ok p=1
Q49:	| 0....... ........ ........ ........ |[!!]RC=10 ok p=1
Q50:	| ........ ........ ........ ........ |[!31!]RC=15 ok p=1
Q51:	| ........ ........ ........ ........ |[!!]RC=21 ok p=1
Q52:	| ........ ........ ........ ........ |[!!]RC=6 ok p=1
Q53:	| ........ ........ ........ ........ |[!!]RC=10 ok p=1
Q54:	| ........ ........ ........ ........ |[!!]RC=15 ok p=1
Q55:	| ........ ........ ........ ........ |[!!]RC=21 ok p=1
Q56:	| ........ ........ ........ ........ |[!!]RC=6 ok p=1
Q57:	| ........ ........ ........ ........ |[!!]RC=10 ok p=1
Q58:	| ........ ........ ........ ........ |[!!]RC=15 ok p=1
Q59:	| ........ ........ ........ ........ |[!!]RC=21 ok p=1
Q60:	| ........ ........ ........ ........ |[!!]RC=6 ok p=1
Q61:	| ........ 0....... ........ ........ |[!!]RC=10 ok p=1
Q62:	| ........ ........ ........ ........ |[!-8!]RC=15 ok p=0.99707
Q63:	| ........ -....... ........ ........ |[!!]RC=21 ok p=1
Q64:	| ........ -....... ........ ........ |

