DS9_1:
delta_m[2] = [!8!]
delta_m[14] = [!31!]
------------minimum path------------
Q13:	| +..+...- ....-..+ .+.-...+ .-.+.... |
Q14:	| .....-.- ..+..... ....--.. .-..-... |
Q15:	| .....-.1 ..0..00. ....0..- ...0..0. |
Q16:	| .....0.+ ..-..11. 0..0+^.- .^.0^.0. |[!!]RC=5 ok p=0.570312
Q17:	| 0....1.. .....++. 1......+ ...+..+. |[!!]RC=9 ok p=0.936523
Q18:	| 1......^ ..^..1-. -..-^.0+ .0...... |[!!]RC=14 ok p=0.46875
Q19:	| -......0 .....0+. ..0-..01 .1.^..^. |[!!]RC=20 ok p=0.491211
Q20:	| .......1 ......+. ^..1..-^ .-...... |[!!]RC=5 ok p=0.995117
Q21:	| ^....0.+ ......1. ..+0.... ........ |[!!]RC=9 ok p=1
Q22:	| ..0..1.. ......-. ..+...^. .^...... |[!!]RC=14 ok p=0.532227
Q23:	| ..1..+.^ .0...1-. ..0..... ........ |[!!]RC=20 ok p=0.842773
Q24:	| ..-..... .1....-. ..^....0 ........ |[!!]RC=5 ok p=0.875
Q25:	| .....^.. .-...+-. .......1 ........ |[!31!]RC=9 ok p=0.482422
Q26:	| ..^..... .....+-. .......- ........ |[!!]RC=14 ok p=0.984375
Q27:	| ....0... .^...+-. ........ ........ |[!!]RC=20 ok p=0.72168
Q28:	| ....1... .....01. .......^ ........ |[!!]RC=5 ok p=0.958008
Q29:	| 0...-... .....^0. ........ ........ |[!8!]RC=9 ok p=0.969727
Q30:	| ........ ........ ........ ........ |[!!]RC=14 ok p=0.514648
Q31:	| +...^... ........ ........ ........ |[!!]RC=20 ok p=1
Q32:	| -....... ........ ........ ........ |[!!]RC=4 ok p=0.482422
Q33:	| ........ ........ ........ ........ |[!!]RC=11 ok p=1
Q34:	| !....... ........ ........ ........ |[!!]RC=16 ok p=1
Q35:	| ........ ........ ........ ........ |[!31!]RC=23 ok p=1
Q36:	| ........ ........ ........ ........ |[!!]RC=4 ok p=1
Q37:	| ........ ........ ........ ........ |[!!]RC=11 ok p=1
Q38:	| ........ ........ ........ ........ |[!!]RC=16 ok p=1
Q39:	| ........ ........ ........ ........ |[!!]RC=23 ok p=1
Q40:	| ........ ........ ........ ........ |[!!]RC=4 ok p=1
Q41:	| ........ ........ ........ ........ |[!!]RC=11 ok p=1
Q42:	| ........ ........ ........ ........ |[!!]RC=16 ok p=1
Q43:	| ........ ........ ........ ........ |[!!]RC=23 ok p=1
Q44:	| ........ ........ ........ ........ |[!!]RC=4 ok p=1
Q45:	| ........ ........ ........ ........ |[!!]RC=11 ok p=1
Q46:	| 0....... ........ ........ ........ |[!!]RC=16 ok p=1
Q47:	| 1....... ........ ........ ........ |[!8!]RC=23 ok p=0.49707
Q48:	| -....... ........ ........ ........ |[!!]RC=6 ok p=1
Q49:	| -....... ........ ........ ........ |[!!]RC=10 ok p=1
Q50:	| -....... ........ ........ ........ |[!31!]RC=15 ok p=1
Q51:	| -....... ........ ........ ........ |[!!]RC=21 ok p=1
Q52:	| -....... ........ ........ ........ |[!!]RC=6 ok p=1
Q53:	| -....... ........ ........ ........ |[!!]RC=10 ok p=1
Q54:	| -....... ........ ........ ........ |[!!]RC=15 ok p=1
Q55:	| -....... ........ ........ ........ |[!!]RC=21 ok p=1
Q56:	| -....... ........ ........ ........ |[!!]RC=6 ok p=1
Q57:	| -....... ........ ........ ........ |[!!]RC=10 ok p=1
Q58:	| -....... ........ ........ ........ |[!!]RC=15 ok p=1
Q59:	| -....... ........ ........ ........ |[!!]RC=21 ok p=1
Q60:	| -....... ........ ........ ........ |[!!]RC=6 ok p=1
Q61:	| -....... 0....... ........ ........ |[!!]RC=10 ok p=1
Q62:	| -....... ........ ........ ........ |[!8!]RC=15 ok p=1
Q63:	| +....... +....... ........ ........ |[!!]RC=21 ok p=0.494141
Q64:	| +....... +..+.... ........ ........ |

------------maximum path------------
Q13:	| +..+.+.- ..+..-.+ .+.+.... .-.-...+ |
Q14:	| +1..-0.- ..1..... ....--.. .-.-.... |
Q15:	| .-...-.1 ..1..-0. ....0... ...1..0. |
Q16:	| ^...^..+ ..-..-0. 0...+^.0 .^.0..0. |[!!]RC=5 ok p=0.433594
Q17:	| 0^...^.. .....++. 1..1...1 ...+..+. |[!!]RC=9 ok p=0.663086
Q18:	| 1......^ ..^..0-. -..0^.0+ .0...... |[!!]RC=14 ok p=0.323242
Q19:	| -......0 .....^+. ..0-..00 .1.^..^. |[!!]RC=20 ok p=0.494141
Q20:	| .......1 ......+. ^.....-1 .-...... |[!!]RC=5 ok p=0.985352
Q21:	| ^....0.+ ......1. ..+^.... ........ |[!!]RC=9 ok p=1
Q22:	| ..0..1.. ......-. ..+...^. .^...... |[!!]RC=14 ok p=0.487305
Q23:	| ..1..+.^ .0...1-. ..0..... ........ |[!!]RC=20 ok p=0.870117
Q24:	| ..-..... .1....-. ..^....0 ........ |[!!]RC=5 ok p=0.885742
Q25:	| .....^.. .-...+-. .......1 ........ |[!31!]RC=9 ok p=0.488281
Q26:	| ..^..... .....+-. .......- ........ |[!!]RC=14 ok p=0.978516
Q27:	| ....0... .^...+-. ........ ........ |[!!]RC=20 ok p=0.737305
Q28:	| ....1... .....01. .......^ ........ |[!!]RC=5 ok p=0.96875
Q29:	| 0...-... .....^0. ........ ........ |[!8!]RC=9 ok p=0.967773
Q30:	| ........ ........ ........ ........ |[!!]RC=14 ok p=0.504883
Q31:	| +...^... ........ ........ ........ |[!!]RC=20 ok p=1
Q32:	| -....... ........ ........ ........ |[!!]RC=4 ok p=0.495117
Q33:	| ........ ........ ........ ........ |[!!]RC=11 ok p=1
Q34:	| !....... ........ ........ ........ |[!!]RC=16 ok p=1
Q35:	| ........ ........ ........ ........ |[!31!]RC=23 ok p=1
Q36:	| ........ ........ ........ ........ |[!!]RC=4 ok p=1
Q37:	| ........ ........ ........ ........ |[!!]RC=11 ok p=1
Q38:	| ........ ........ ........ ........ |[!!]RC=16 ok p=1
Q39:	| ........ ........ ........ ........ |[!!]RC=23 ok p=1
Q40:	| ........ ........ ........ ........ |[!!]RC=4 ok p=1
Q41:	| ........ ........ ........ ........ |[!!]RC=11 ok p=1
Q42:	| ........ ........ ........ ........ |[!!]RC=16 ok p=1
Q43:	| ........ ........ ........ ........ |[!!]RC=23 ok p=1
Q44:	| ........ ........ ........ ........ |[!!]RC=4 ok p=1
Q45:	| ........ ........ ........ ........ |[!!]RC=11 ok p=1
Q46:	| 0....... ........ ........ ........ |[!!]RC=16 ok p=1
Q47:	| 1....... ........ ........ ........ |[!8!]RC=23 ok p=0.504883
Q48:	| -....... ........ ........ ........ |[!!]RC=6 ok p=1
Q49:	| -....... ........ ........ ........ |[!!]RC=10 ok p=1
Q50:	| -....... ........ ........ ........ |[!31!]RC=15 ok p=1
Q51:	| -....... ........ ........ ........ |[!!]RC=21 ok p=1
Q52:	| -....... ........ ........ ........ |[!!]RC=6 ok p=1
Q53:	| -....... ........ ........ ........ |[!!]RC=10 ok p=1
Q54:	| -....... ........ ........ ........ |[!!]RC=15 ok p=1
Q55:	| -....... ........ ........ ........ |[!!]RC=21 ok p=1
Q56:	| -....... ........ ........ ........ |[!!]RC=6 ok p=1
Q57:	| -....... ........ ........ ........ |[!!]RC=10 ok p=1
Q58:	| -....... ........ ........ ........ |[!!]RC=15 ok p=1
Q59:	| -....... ........ ........ ........ |[!!]RC=21 ok p=1
Q60:	| -....... ........ ........ ........ |[!!]RC=6 ok p=1
Q61:	| -....... 0....... ........ ........ |[!!]RC=10 ok p=1
Q62:	| -....... ........ ........ ........ |[!8!]RC=15 ok p=1
Q63:	| +....... +....... ........ ........ |[!!]RC=21 ok p=0.487305
Q64:	| +....... +..+.... ........ ........ |


delta_m[2] = [!-8!]
delta_m[14] = [!31!]
------------minimum path------------
Q13:	| +..-...+ .....+.- .-.-.... .+.....- |
Q14:	| +....+.+ ..-..... ....0+.. .+..+... |
Q15:	| .....-.1 ..0..+0. ....1... ...0..0. |
Q16:	| ^....1.- ..+..+0. 0..0-^.0 .^.0^.0. |[!!]RC=5 ok p=0.439453
Q17:	| 0....0.. .....--. 1......1 ...-..-. |[!!]RC=9 ok p=0.570312
Q18:	| 1......^ ..^..1+. +..+^.0+ .0...... |[!!]RC=14 ok p=0.499023
Q19:	| -......0 .....^-. ..0+..11 .1.^..^. |[!!]RC=20 ok p=0.488281
Q20:	| .......1 ......-. ^..1..+0 .+...... |[!!]RC=5 ok p=0.994141
Q21:	| ^....0.- ......1. ..-0.... ........ |[!!]RC=9 ok p=1
Q22:	| ..0..1.. ......+. ..-...^. .^...... |[!!]RC=14 ok p=0.501953
Q23:	| ..1..-.^ .0...1+. ..0..... ........ |[!!]RC=20 ok p=0.851562
Q24:	| ..+..... .1....+. ..^....0 ........ |[!!]RC=5 ok p=0.883789
Q25:	| .....^.. .+...-+. .......1 ........ |[!31!]RC=9 ok p=0.50293
Q26:	| ..^..... .....-+. .......+ ........ |[!!]RC=14 ok p=0.990234
Q27:	| ....0... .^...-+. ........ ........ |[!!]RC=20 ok p=0.739258
Q28:	| ....1... .....01. .......^ ........ |[!!]RC=5 ok p=0.972656
Q29:	| 0...+... .....^0. ........ ........ |[!-8!]RC=9 ok p=0.964844
Q30:	| ........ ........ ........ ........ |[!!]RC=14 ok p=0.494141
Q31:	| +...^... ........ ........ ........ |[!!]RC=20 ok p=1
Q32:	| -....... ........ ........ ........ |[!!]RC=4 ok p=0.506836
Q33:	| ........ ........ ........ ........ |[!!]RC=11 ok p=1
Q34:	| !....... ........ ........ ........ |[!!]RC=16 ok p=1
Q35:	| ........ ........ ........ ........ |[!31!]RC=23 ok p=1
Q36:	| ........ ........ ........ ........ |[!!]RC=4 ok p=1
Q37:	| ........ ........ ........ ........ |[!!]RC=11 ok p=1
Q38:	| ........ ........ ........ ........ |[!!]RC=16 ok p=1
Q39:	| ........ ........ ........ ........ |[!!]RC=23 ok p=1
Q40:	| ........ ........ ........ ........ |[!!]RC=4 ok p=1
Q41:	| ........ ........ ........ ........ |[!!]RC=11 ok p=1
Q42:	| ........ ........ ........ ........ |[!!]RC=16 ok p=1
Q43:	| ........ ........ ........ ........ |[!!]RC=23 ok p=1
Q44:	| ........ ........ ........ ........ |[!!]RC=4 ok p=1
Q45:	| ........ ........ ........ ........ |[!!]RC=11 ok p=1
Q46:	| 0....... ........ ........ ........ |[!!]RC=16 ok p=1
Q47:	| 1....... ........ ........ ........ |[!-8!]RC=23 ok p=0.46582
Q48:	| -....... ........ ........ ........ |[!!]RC=6 ok p=1
Q49:	| -....... ........ ........ ........ |[!!]RC=10 ok p=1
Q50:	| -....... ........ ........ ........ |[!31!]RC=15 ok p=1
Q51:	| -....... ........ ........ ........ |[!!]RC=21 ok p=1
Q52:	| -....... ........ ........ ........ |[!!]RC=6 ok p=1
Q53:	| -....... ........ ........ ........ |[!!]RC=10 ok p=1
Q54:	| -....... ........ ........ ........ |[!!]RC=15 ok p=1
Q55:	| -....... ........ ........ ........ |[!!]RC=21 ok p=1
Q56:	| -....... ........ ........ ........ |[!!]RC=6 ok p=1
Q57:	| -....... ........ ........ ........ |[!!]RC=10 ok p=1
Q58:	| -....... ........ ........ ........ |[!!]RC=15 ok p=1
Q59:	| -....... ........ ........ ........ |[!!]RC=21 ok p=1
Q60:	| -....... ........ ........ ........ |[!!]RC=6 ok p=1
Q61:	| -....... 0....... ........ ........ |[!!]RC=10 ok p=1
Q62:	| -....... ........ ........ ........ |[!-8!]RC=15 ok p=1
Q63:	| +....... -....... ........ ........ |[!!]RC=21 ok p=0.504883
Q64:	| +....... -..+.... ........ ........ |

------------maximum path------------
Q13:	| +..-.-.+ ....+..- .-.+...- .+..-... |
Q14:	| ....+0.+ ..-..+.. ....++.0 .+..+... |
Q15:	| .....+.1 ..0..10. ....0..+ ...0..0. |
Q16:	| ....^..- ..+..10. 0..0-^.0 .^.0^.0. |[!!]RC=5 ok p=0.557617
Q17:	| 0....^.. .....--. 1......- ...-..-. |[!!]RC=9 ok p=0.93457
Q18:	| 1......^ ..^..1+. +..+^.0- .0...... |[!!]RC=14 ok p=0.458008
Q19:	| -......0 .....0-. ..0+..00 .1.^..^. |[!!]RC=20 ok p=0.527344
Q20:	| .......1 ......-. ^..1..+^ .+...... |[!!]RC=5 ok p=0.994141
Q21:	| ^....0.- ......1. ..-0.... ........ |[!!]RC=9 ok p=1
Q22:	| ..0..1.. ......+. ..-...^. .^...... |[!!]RC=14 ok p=0.513672
Q23:	| ..1..-.^ .0...1+. ..0..... ........ |[!!]RC=20 ok p=0.886719
Q24:	| ..+..... .1....+. ..^....0 ........ |[!!]RC=5 ok p=0.876953
Q25:	| .....^.. .+...-+. .......1 ........ |[!31!]RC=9 ok p=0.455078
Q26:	| ..^..... .....-+. .......+ ........ |[!!]RC=14 ok p=0.985352
Q27:	| ....0... .^...-+. ........ ........ |[!!]RC=20 ok p=0.731445
Q28:	| ....1... .....01. .......^ ........ |[!!]RC=5 ok p=0.977539
Q29:	| 0...+... .....^0. ........ ........ |[!-8!]RC=9 ok p=0.961914
Q30:	| ........ ........ ........ ........ |[!!]RC=14 ok p=0.507812
Q31:	| -...^... ........ ........ ........ |[!!]RC=20 ok p=1
Q32:	| -....... ........ ........ ........ |[!!]RC=4 ok p=0.474609
Q33:	| ........ ........ ........ ........ |[!!]RC=11 ok p=1
Q34:	| ^....... ........ ........ ........ |[!!]RC=16 ok p=1
Q35:	| ........ ........ ........ ........ |[!31!]RC=23 ok p=1
Q36:	| ........ ........ ........ ........ |[!!]RC=4 ok p=1
Q37:	| ........ ........ ........ ........ |[!!]RC=11 ok p=1
Q38:	| ........ ........ ........ ........ |[!!]RC=16 ok p=1
Q39:	| ........ ........ ........ ........ |[!!]RC=23 ok p=1
Q40:	| ........ ........ ........ ........ |[!!]RC=4 ok p=1
Q41:	| ........ ........ ........ ........ |[!!]RC=11 ok p=1
Q42:	| ........ ........ ........ ........ |[!!]RC=16 ok p=1
Q43:	| ........ ........ ........ ........ |[!!]RC=23 ok p=1
Q44:	| ........ ........ ........ ........ |[!!]RC=4 ok p=1
Q45:	| ........ ........ ........ ........ |[!!]RC=11 ok p=1
Q46:	| 0....... ........ ........ ........ |[!!]RC=16 ok p=1
Q47:	| 1....... ........ ........ ........ |[!-8!]RC=23 ok p=0.472656
Q48:	| -....... ........ ........ ........ |[!!]RC=6 ok p=1
Q49:	| -....... ........ ........ ........ |[!!]RC=10 ok p=1
Q50:	| -....... ........ ........ ........ |[!31!]RC=15 ok p=1
Q51:	| -....... ........ ........ ........ |[!!]RC=21 ok p=1
Q52:	| -....... ........ ........ ........ |[!!]RC=6 ok p=1
Q53:	| -....... ........ ........ ........ |[!!]RC=10 ok p=1
Q54:	| -....... ........ ........ ........ |[!!]RC=15 ok p=1
Q55:	| -....... ........ ........ ........ |[!!]RC=21 ok p=1
Q56:	| -....... ........ ........ ........ |[!!]RC=6 ok p=1
Q57:	| -....... ........ ........ ........ |[!!]RC=10 ok p=1
Q58:	| -....... ........ ........ ........ |[!!]RC=15 ok p=1
Q59:	| -....... ........ ........ ........ |[!!]RC=21 ok p=1
Q60:	| -....... ........ ........ ........ |[!!]RC=6 ok p=1
Q61:	| -....... 0....... ........ ........ |[!!]RC=10 ok p=1
Q62:	| -....... ........ ........ ........ |[!-8!]RC=15 ok p=1
Q63:	| +....... -....... ........ ........ |[!!]RC=21 ok p=0.499023
Q64:	| +....... -..+.... ........ ........ |


DS9_2:
delta_m[2] = [!8!]
delta_m[4] = [!31!]
delta_m[11] = [!15!]
delta_m[14] = [!31!]
------------minimum path------------
Q13:	| ...+.-.. ....+... ..+..... ........ |
Q14:	| .1.....- .....+.. 1....... ........ |
Q15:	| 0-.....1 .....0.. -....... ......0. |
Q16:	| .......- .....-.. ........ ......1. |[!!]RC=5 ok p=0.484375
Q17:	| +^...... ........ ^..0.... ......+. |[!!]RC=9 ok p=0.995117
Q18:	| +......^ .....^.. ...1.... .0...... |[!15!]RC=14 ok p=0.725586
Q19:	| -....... ........ ...+.... .1....^. |[!!]RC=20 ok p=0.998047
Q20:	| -....... ........ ........ .-...... |[!!]RC=5 ok p=1
Q21:	| -....0.. ........ ...^.... ........ |[!!]RC=9 ok p=1
Q22:	| -....1.. ........ ........ .^...... |[!!]RC=14 ok p=1
Q23:	| +....+.. ........ ........ ........ |[!31!]RC=20 ok p=0.962891
Q24:	| +....... ........ .......0 ........ |[!!]RC=5 ok p=1
Q25:	| +....^.. ........ .......1 ........ |[!31!]RC=9 ok p=0.50293
Q26:	| +....... ........ .......- ........ |[!!]RC=14 ok p=0.983398
Q27:	| +....... ........ ........ ........ |[!!]RC=20 ok p=1
Q28:	| +....... ........ .......^ ........ |[!!]RC=5 ok p=1
Q29:	| +....... ........ ........ ........ |[!8!]RC=9 ok p=1
Q30:	| +....... ........ ........ ........ |[!!]RC=14 ok p=1
Q31:	| +....... ........ ........ ........ |[!!]RC=20 ok p=1
Q32:	| +....... ........ ........ ........ |[!!]RC=4 ok p=1
Q33:	| -....... ........ ........ ........ |[!!]RC=11 ok p=1
Q34:	| -....... ........ ........ ........ |[!15!]RC=16 ok p=0.516602
Q35:	| ........ ........ ........ ........ |[!31!]RC=23 ok p=1
Q36:	| ^....... ........ ........ ........ |[!!]RC=4 ok p=1
Q37:	| ........ ........ ........ ........ |[!31!]RC=11 ok p=1
Q38:	| ........ ........ ........ ........ |[!!]RC=16 ok p=1
Q39:	| ........ ........ ........ ........ |[!!]RC=23 ok p=1
Q40:	| ........ ........ ........ ........ |[!!]RC=4 ok p=1
Q41:	| ........ ........ ........ ........ |[!!]RC=11 ok p=1
Q42:	| ........ ........ ........ ........ |[!!]RC=16 ok p=1
Q43:	| ........ ........ ........ ........ |[!!]RC=23 ok p=1
Q44:	| ........ ........ ........ ........ |[!!]RC=4 ok p=1
Q45:	| ........ ........ ........ ........ |[!!]RC=11 ok p=1
Q46:	| 0....... ........ ........ ........ |[!!]RC=16 ok p=1
Q47:	| 1....... ........ ........ ........ |[!8!]RC=23 ok p=0.513672
Q48:	| +....... ........ ........ ........ |[!!]RC=6 ok p=1
Q49:	| -....... ........ ........ ........ |[!!]RC=10 ok p=1
Q50:	| +....... ........ ........ ........ |[!31!]RC=15 ok p=1
Q51:	| -....... ........ ........ ........ |[!!]RC=21 ok p=1
Q52:	| +....... ........ ........ ........ |[!!]RC=6 ok p=1
Q53:	| -....... ........ ........ ........ |[!!]RC=10 ok p=1
Q54:	| +....... ........ ........ ........ |[!!]RC=15 ok p=1
Q55:	| -....... ........ ........ ........ |[!!]RC=21 ok p=1
Q56:	| +....... ........ ........ ........ |[!!]RC=6 ok p=1
Q57:	| -....... ........ ........ ........ |[!!]RC=10 ok p=1
Q58:	| +....... ........ ........ ........ |[!!]RC=15 ok p=1
Q59:	| -....... ........ ........ ........ |[!!]RC=21 ok p=1
Q60:	| -.....0. ........ ........ ........ |[!31!]RC=6 ok p=1
Q61:	| -.....1. 0....... ........ ........ |[!15!]RC=10 ok p=0.981445
Q62:	| -.....+. ........ ........ ........ |[!8!]RC=15 ok p=1
Q63:	| +.....+. +....... ........ ........ |[!!]RC=21 ok p=0.495117
Q64:	| +.....+. +..+.... ........ ........ |

------------maximum path------------
Q13:	| +.-.-..- ...+.-.. +.+..... ........ |
Q14:	| .0....-+ .....1.. 0....... ........ |
Q15:	| 0-....01 .....1.. -....... ......0. |
Q16:	| ......1- .....-.. ........ ......1. |[!!]RC=5 ok p=0.456055
Q17:	| +^...... ........ ^..0.... ......+. |[!!]RC=9 ok p=0.999023
Q18:	| +......^ .....^.. ...1.... .0...... |[!15!]RC=14 ok p=0.756836
Q19:	| -....... ........ ...+.... .1....^. |[!!]RC=20 ok p=0.995117
Q20:	| -....... ........ ........ .-...... |[!!]RC=5 ok p=1
Q21:	| -....0.. ........ ...^.... ........ |[!!]RC=9 ok p=1
Q22:	| -....1.. ........ ........ .^...... |[!!]RC=14 ok p=1
Q23:	| +....+.. ........ ........ ........ |[!31!]RC=20 ok p=0.963867
Q24:	| +....... ........ .......0 ........ |[!!]RC=5 ok p=1
Q25:	| +....^.. ........ .......1 ........ |[!31!]RC=9 ok p=0.508789
Q26:	| +....... ........ .......- ........ |[!!]RC=14 ok p=0.985352
Q27:	| +....... ........ ........ ........ |[!!]RC=20 ok p=1
Q28:	| +....... ........ .......^ ........ |[!!]RC=5 ok p=1
Q29:	| +....... ........ ........ ........ |[!8!]RC=9 ok p=1
Q30:	| +....... ........ ........ ........ |[!!]RC=14 ok p=1
Q31:	| +....... ........ ........ ........ |[!!]RC=20 ok p=1
Q32:	| -....... ........ ........ ........ |[!!]RC=4 ok p=1
Q33:	| +....... ........ ........ ........ |[!!]RC=11 ok p=1
Q34:	| -....... ........ ........ ........ |[!15!]RC=16 ok p=0.46582
Q35:	| ........ ........ ........ ........ |[!31!]RC=23 ok p=1
Q36:	| !....... ........ ........ ........ |[!!]RC=4 ok p=1
Q37:	| ........ ........ ........ ........ |[!31!]RC=11 ok p=1
Q38:	| ........ ........ ........ ........ |[!!]RC=16 ok p=1
Q39:	| ........ ........ ........ ........ |[!!]RC=23 ok p=1
Q40:	| ........ ........ ........ ........ |[!!]RC=4 ok p=1
Q41:	| ........ ........ ........ ........ |[!!]RC=11 ok p=1
Q42:	| ........ ........ ........ ........ |[!!]RC=16 ok p=1
Q43:	| ........ ........ ........ ........ |[!!]RC=23 ok p=1
Q44:	| ........ ........ ........ ........ |[!!]RC=4 ok p=1
Q45:	| ........ ........ ........ ........ |[!!]RC=11 ok p=1
Q46:	| 0....... ........ ........ ........ |[!!]RC=16 ok p=1
Q47:	| 1....... ........ ........ ........ |[!8!]RC=23 ok p=0.5
Q48:	| +....... ........ ........ ........ |[!!]RC=6 ok p=1
Q49:	| -....... ........ ........ ........ |[!!]RC=10 ok p=1
Q50:	| +....... ........ ........ ........ |[!31!]RC=15 ok p=1
Q51:	| -....... ........ ........ ........ |[!!]RC=21 ok p=1
Q52:	| +....... ........ ........ ........ |[!!]RC=6 ok p=1
Q53:	| -....... ........ ........ ........ |[!!]RC=10 ok p=1
Q54:	| +....... ........ ........ ........ |[!!]RC=15 ok p=1
Q55:	| -....... ........ ........ ........ |[!!]RC=21 ok p=1
Q56:	| +....... ........ ........ ........ |[!!]RC=6 ok p=1
Q57:	| -....... ........ ........ ........ |[!!]RC=10 ok p=1
Q58:	| +....... ........ ........ ........ |[!!]RC=15 ok p=1
Q59:	| -....... ........ ........ ........ |[!!]RC=21 ok p=1
Q60:	| -.....0. ........ ........ ........ |[!31!]RC=6 ok p=1
Q61:	| -.....1. 0....... ........ ........ |[!15!]RC=10 ok p=0.985352
Q62:	| -.....+. ........ ........ ........ |[!8!]RC=15 ok p=1
Q63:	| +.....+. +....... ........ ........ |[!!]RC=21 ok p=0.486328
Q64:	| +.....+. +..+.... ........ ........ |


delta_m[2] = [!-8!]
delta_m[4] = [!31!]
delta_m[11] = [!-15!]
delta_m[14] = [!31!]
------------minimum path------------
Q13:	| ...-.-.. ....-... ..-..... ........ |
Q14:	| .1.....0 .....-.. 1....... ........ |
Q15:	| 0+.....0 .....0.. +....... ......0. |
Q16:	| .......+ .....+.. ........ ......1. |[!!]RC=5 ok p=0.432617
Q17:	| +^...... ........ ^..0.... ......-. |[!!]RC=9 ok p=0.999023
Q18:	| +......^ .....^.. ...1.... .0...... |[!-15!]RC=14 ok p=0.751953
Q19:	| -....... ........ ...-.... .1....^. |[!!]RC=20 ok p=0.996094
Q20:	| -....... ........ ........ .+...... |[!!]RC=5 ok p=1
Q21:	| -....0.. ........ ...^.... ........ |[!!]RC=9 ok p=1
Q22:	| -....1.. ........ ........ .^...... |[!!]RC=14 ok p=1
Q23:	| +....-.. ........ ........ ........ |[!31!]RC=20 ok p=0.96582
Q24:	| +....... ........ .......0 ........ |[!!]RC=5 ok p=1
Q25:	| +....^.. ........ .......1 ........ |[!31!]RC=9 ok p=0.499023
Q26:	| +....... ........ .......+ ........ |[!!]RC=14 ok p=0.979492
Q27:	| +....... ........ ........ ........ |[!!]RC=20 ok p=1
Q28:	| +....... ........ .......^ ........ |[!!]RC=5 ok p=1
Q29:	| +....... ........ ........ ........ |[!-8!]RC=9 ok p=1
Q30:	| +....... ........ ........ ........ |[!!]RC=14 ok p=1
Q31:	| +....... ........ ........ ........ |[!!]RC=20 ok p=1
Q32:	| -....... ........ ........ ........ |[!!]RC=4 ok p=1
Q33:	| -....... ........ ........ ........ |[!!]RC=11 ok p=1
Q34:	| +....... ........ ........ ........ |[!-15!]RC=16 ok p=0.514648
Q35:	| ........ ........ ........ ........ |[!31!]RC=23 ok p=1
Q36:	| !....... ........ ........ ........ |[!!]RC=4 ok p=1
Q37:	| ........ ........ ........ ........ |[!31!]RC=11 ok p=1
Q38:	| ........ ........ ........ ........ |[!!]RC=16 ok p=1
Q39:	| ........ ........ ........ ........ |[!!]RC=23 ok p=1
Q40:	| ........ ........ ........ ........ |[!!]RC=4 ok p=1
Q41:	| ........ ........ ........ ........ |[!!]RC=11 ok p=1
Q42:	| ........ ........ ........ ........ |[!!]RC=16 ok p=1
Q43:	| ........ ........ ........ ........ |[!!]RC=23 ok p=1
Q44:	| ........ ........ ........ ........ |[!!]RC=4 ok p=1
Q45:	| ........ ........ ........ ........ |[!!]RC=11 ok p=1
Q46:	| 0....... ........ ........ ........ |[!!]RC=16 ok p=1
Q47:	| 1....... ........ ........ ........ |[!-8!]RC=23 ok p=0.500977
Q48:	| +....... ........ ........ ........ |[!!]RC=6 ok p=1
Q49:	| -....... ........ ........ ........ |[!!]RC=10 ok p=1
Q50:	| +....... ........ ........ ........ |[!31!]RC=15 ok p=1
Q51:	| -....... ........ ........ ........ |[!!]RC=21 ok p=1
Q52:	| +....... ........ ........ ........ |[!!]RC=6 ok p=1
Q53:	| -....... ........ ........ ........ |[!!]RC=10 ok p=1
Q54:	| +....... ........ ........ ........ |[!!]RC=15 ok p=1
Q55:	| -....... ........ ........ ........ |[!!]RC=21 ok p=1
Q56:	| +....... ........ ........ ........ |[!!]RC=6 ok p=1
Q57:	| -....... ........ ........ ........ |[!!]RC=10 ok p=1
Q58:	| +....... ........ ........ ........ |[!!]RC=15 ok p=1
Q59:	| -....... ........ ........ ........ |[!!]RC=21 ok p=1
Q60:	| -.....0. ........ ........ ........ |[!31!]RC=6 ok p=1
Q61:	| -.....1. 0....... ........ ........ |[!-15!]RC=10 ok p=0.978516
Q62:	| -.....-. ........ ........ ........ |[!-8!]RC=15 ok p=1
Q63:	| +.....-. -....... ........ ........ |[!!]RC=21 ok p=0.496094
Q64:	| +.....-. -..+.... ........ ........ |

------------maximum path------------
Q13:	| ..-..+.. ...-.+.. ..-..... ......-. |
Q14:	| 11.....0 .....1.. 1....... ........ |
Q15:	| --.....0 .....1.. +....... ......+. |
Q16:	| 1......+ .....+.. ........ ......+. |[!!]RC=5 ok p=0.472656
Q17:	| -^...... ........ ^..0.... ......-. |[!!]RC=9 ok p=0.998047
Q18:	| +......^ .....^.. ...1.... .0....0. |[!-15!]RC=14 ok p=0.749023
Q19:	| -....... ........ ...-.... .1....1. |[!!]RC=20 ok p=0.99707
Q20:	| -....... ........ ........ .+...... |[!!]RC=5 ok p=1
Q21:	| -....0.. ........ ...^.... ........ |[!!]RC=9 ok p=1
Q22:	| -....1.. ........ ........ .^...... |[!!]RC=14 ok p=1
Q23:	| +....-.. ........ ........ ........ |[!31!]RC=20 ok p=0.958984
Q24:	| +....... ........ .......0 ........ |[!!]RC=5 ok p=1
Q25:	| +....^.. ........ .......1 ........ |[!31!]RC=9 ok p=0.535156
Q26:	| +....... ........ .......+ ........ |[!!]RC=14 ok p=0.982422
Q27:	| +....... ........ ........ ........ |[!!]RC=20 ok p=1
Q28:	| +....... ........ .......^ ........ |[!!]RC=5 ok p=1
Q29:	| +....... ........ ........ ........ |[!-8!]RC=9 ok p=1
Q30:	| +....... ........ ........ ........ |[!!]RC=14 ok p=1
Q31:	| +....... ........ ........ ........ |[!!]RC=20 ok p=1
Q32:	| -....... ........ ........ ........ |[!!]RC=4 ok p=1
Q33:	| -....... ........ ........ ........ |[!!]RC=11 ok p=1
Q34:	| -....... ........ ........ ........ |[!-15!]RC=16 ok p=0.496094
Q35:	| ........ ........ ........ ........ |[!31!]RC=23 ok p=1
Q36:	| ^....... ........ ........ ........ |[!!]RC=4 ok p=1
Q37:	| ........ ........ ........ ........ |[!31!]RC=11 ok p=1
Q38:	| ........ ........ ........ ........ |[!!]RC=16 ok p=1
Q39:	| ........ ........ ........ ........ |[!!]RC=23 ok p=1
Q40:	| ........ ........ ........ ........ |[!!]RC=4 ok p=1
Q41:	| ........ ........ ........ ........ |[!!]RC=11 ok p=1
Q42:	| ........ ........ ........ ........ |[!!]RC=16 ok p=1
Q43:	| ........ ........ ........ ........ |[!!]RC=23 ok p=1
Q44:	| ........ ........ ........ ........ |[!!]RC=4 ok p=1
Q45:	| ........ ........ ........ ........ |[!!]RC=11 ok p=1
Q46:	| 0....... ........ ........ ........ |[!!]RC=16 ok p=1
Q47:	| 1....... ........ ........ ........ |[!-8!]RC=23 ok p=0.53125
Q48:	| +....... ........ ........ ........ |[!!]RC=6 ok p=1
Q49:	| -....... ........ ........ ........ |[!!]RC=10 ok p=1
Q50:	| +....... ........ ........ ........ |[!31!]RC=15 ok p=1
Q51:	| -....... ........ ........ ........ |[!!]RC=21 ok p=1
Q52:	| +....... ........ ........ ........ |[!!]RC=6 ok p=1
Q53:	| -....... ........ ........ ........ |[!!]RC=10 ok p=1
Q54:	| +....... ........ ........ ........ |[!!]RC=15 ok p=1
Q55:	| -....... ........ ........ ........ |[!!]RC=21 ok p=1
Q56:	| +....... ........ ........ ........ |[!!]RC=6 ok p=1
Q57:	| -....... ........ ........ ........ |[!!]RC=10 ok p=1
Q58:	| +....... ........ ........ ........ |[!!]RC=15 ok p=1
Q59:	| -....... ........ ........ ........ |[!!]RC=21 ok p=1
Q60:	| -.....0. ........ ........ ........ |[!31!]RC=6 ok p=1
Q61:	| -.....1. 0....... ........ ........ |[!-15!]RC=10 ok p=0.983398
Q62:	| -.....-. ........ ........ ........ |[!-8!]RC=15 ok p=1
Q63:	| +.....-. -....... ........ ........ |[!!]RC=21 ok p=0.488281
Q64:	| +.....-. -..+.... ........ ........ |


ICS2_1:
delta_m[14] = [!31!]
------------minimum path------------
Q13:	| +....... .......- .+.-.... -...+... |
Q14:	| .....1.. ..-..... ...-.-.. .-..+.1. |
Q15:	| .....-.. ..0.0.0. ...1...1 ...0-.+. |
Q16:	| ........ .1+.1.1. 0..1.^.. .^..1... |[!!]RC=5 ok p=0.505859
Q17:	| .....^.. .0..+.-. 1..-...+ ...+^.^. |[!!]RC=9 ok p=1
Q18:	| ........ .-^...0. -.....1+ ...+.... |[!!]RC=14 ok p=1
Q19:	| .......0 ....^.+. ...^..00 ...0.... |[!!]RC=20 ok p=1
Q20:	| 1......1 .^....+. ^.0...-1 ...^.... |[!!]RC=5 ok p=0.984375
Q21:	| 1......+ ......0. ..1..... ........ |[!!]RC=9 ok p=0.371094
Q22:	| +.0..... ......-. ..+...^. ........ |[!!]RC=14 ok p=0.21582
Q23:	| ..1....^ .0...1-. ..0..... ........ |[!!]RC=20 ok p=0.75
Q24:	| ^.-..... .1....-. ..1..... ........ |[!!]RC=5 ok p=0.888672
Q25:	| ........ .-...+-. ........ ........ |[!31!]RC=9 ok p=0.999023
Q26:	| ..^..... .....+-. ........ ........ |[!!]RC=14 ok p=1
Q27:	| ....0... .^...+-. ........ ........ |[!!]RC=20 ok p=0.773438
Q28:	| ....1... .....01. ........ ........ |[!!]RC=5 ok p=0.97168
Q29:	| 0...-... .....^0. ........ ........ |[!!]RC=9 ok p=0.963867
Q30:	| ........ ........ ........ ........ |[!!]RC=14 ok p=0.509766
Q31:	| +...^... ........ ........ ........ |[!!]RC=20 ok p=1
Q32:	| -....... ........ ........ ........ |[!!]RC=4 ok p=0.512695
Q33:	| ........ ........ ........ ........ |[!!]RC=11 ok p=1
Q34:	| !....... ........ ........ ........ |[!!]RC=16 ok p=1
Q35:	| ........ ........ ........ ........ |[!31!]RC=23 ok p=1
Q36:	| ........ ........ ........ ........ |[!!]RC=4 ok p=1
Q37:	| ........ ........ ........ ........ |[!!]RC=11 ok p=1
Q38:	| ........ ........ ........ ........ |[!!]RC=16 ok p=1
Q39:	| ........ ........ ........ ........ |[!!]RC=23 ok p=1
Q40:	| ........ ........ ........ ........ |[!!]RC=4 ok p=1
Q41:	| ........ ........ ........ ........ |[!!]RC=11 ok p=1
Q42:	| ........ ........ ........ ........ |[!!]RC=16 ok p=1
Q43:	| ........ ........ ........ ........ |[!!]RC=23 ok p=1
Q44:	| ........ ........ ........ ........ |[!!]RC=4 ok p=1
Q45:	| ........ ........ ........ ........ |[!!]RC=11 ok p=1
Q46:	| ........ ........ ........ ........ |[!!]RC=16 ok p=1
Q47:	| ........ ........ ........ ........ |[!!]RC=23 ok p=1
Q48:	| ........ ........ ........ ........ |[!!]RC=6 ok p=1
Q49:	| ........ ........ .0...... ........ |[!!]RC=10 ok p=1
Q50:	| ........ ........ .1...... ........ |[!31!]RC=15 ok p=0.472656
Q51:	| ........ ........ 0+...... ........ |[!!]RC=21 ok p=1
Q52:	| ........ ........ Q+...... ........ |[!!]RC=6 ok p=1
Q53:	| ........ ........ +-...... ........ |[!!]RC=10 ok p=1
Q54:	| ........ ........ Q+...... ........ |[!!]RC=15 ok p=1
Q55:	| ........ ........ +-...... ........ |[!!]RC=21 ok p=1
Q56:	| ........ ........ Q+...... ........ |[!!]RC=6 ok p=1
Q57:	| ........ ........ +-...... ........ |[!!]RC=10 ok p=1
Q58:	| ........ ........ Q+...... ........ |[!!]RC=15 ok p=1
Q59:	| ........ ........ +-...... ........ |[!!]RC=21 ok p=1
Q60:	| ........ ........ Q+...... ........ |[!!]RC=6 ok p=1
Q61:	| ........ ........ +-...... ........ |[!!]RC=10 ok p=1
Q62:	| ........ ........ .+...... ........ |[!!]RC=15 ok p=1
Q63:	| ........ ........ 1+...... ........ |[!!]RC=21 ok p=1
Q64:	| ........ ........ .+...... ....+... |

------------maximum path------------
Q13:	| +....+.. ..-...+. -.-....- .+..+... |
Q14:	| .....0.. ..1..... ..-..-.. .-..-.1. |
Q15:	| .....-.. ..1..0-. ..00...1 .1.1-.+. |
Q16:	| ........ .1+..1-. 0.11.^.. .0..0... |[!!]RC=5 ok p=0.511719
Q17:	| .....^.. .0...++. 1..-...+ ...+^.^. |[!!]RC=9 ok p=1
Q18:	| ........ .-^...0. -.....1+ ...+.... |[!!]RC=14 ok p=0.999023
Q19:	| .......0 .....^+. ...^..00 ...0.... |[!!]RC=20 ok p=1
Q20:	| 1......1 .^....+. ^.0...-1 ...^.... |[!!]RC=5 ok p=0.993164
Q21:	| 1......+ ......0. ..1..... ........ |[!!]RC=9 ok p=0.348633
Q22:	| +.0..... ......-. ..+...^. ........ |[!!]RC=14 ok p=0.240234
Q23:	| ..1....^ .0...1-. ..0..... ........ |[!!]RC=20 ok p=0.734375
Q24:	| ^.-..... .1....-. ..1..... ........ |[!!]RC=5 ok p=0.865234
Q25:	| ........ .-...+-. ........ ........ |[!31!]RC=9 ok p=1
Q26:	| ..^..... .....+-. ........ ........ |[!!]RC=14 ok p=1
Q27:	| ....0... .^...+-. ........ ........ |[!!]RC=20 ok p=0.750977
Q28:	| ....1... .....01. ........ ........ |[!!]RC=5 ok p=0.966797
Q29:	| 0...-... .....^0. ........ ........ |[!!]RC=9 ok p=0.973633
Q30:	| ........ ........ ........ ........ |[!!]RC=14 ok p=0.524414
Q31:	| -...^... ........ ........ ........ |[!!]RC=20 ok p=1
Q32:	| +....... ........ ........ ........ |[!!]RC=4 ok p=0.492188
Q33:	| ........ ........ ........ ........ |[!!]RC=11 ok p=1
Q34:	| !....... ........ ........ ........ |[!!]RC=16 ok p=1
Q35:	| ........ ........ ........ ........ |[!31!]RC=23 ok p=1
Q36:	| ........ ........ ........ ........ |[!!]RC=4 ok p=1
Q37:	| ........ ........ ........ ........ |[!!]RC=11 ok p=1
Q38:	| ........ ........ ........ ........ |[!!]RC=16 ok p=1
Q39:	| ........ ........ ........ ........ |[!!]RC=23 ok p=1
Q40:	| ........ ........ ........ ........ |[!!]RC=4 ok p=1
Q41:	| ........ ........ ........ ........ |[!!]RC=11 ok p=1
Q42:	| ........ ........ ........ ........ |[!!]RC=16 ok p=1
Q43:	| ........ ........ ........ ........ |[!!]RC=23 ok p=1
Q44:	| ........ ........ ........ ........ |[!!]RC=4 ok p=1
Q45:	| ........ ........ ........ ........ |[!!]RC=11 ok p=1
Q46:	| ........ ........ ........ ........ |[!!]RC=16 ok p=1
Q47:	| ........ ........ ........ ........ |[!!]RC=23 ok p=1
Q48:	| ........ ........ ........ ........ |[!!]RC=6 ok p=1
Q49:	| ........ ........ .0...... ........ |[!!]RC=10 ok p=1
Q50:	| ........ ........ .1...... ........ |[!31!]RC=15 ok p=0.494141
Q51:	| ........ ........ 0+...... ........ |[!!]RC=21 ok p=1
Q52:	| ........ ........ Q+...... ........ |[!!]RC=6 ok p=1
Q53:	| ........ ........ +-...... ........ |[!!]RC=10 ok p=1
Q54:	| ........ ........ Q+...... ........ |[!!]RC=15 ok p=1
Q55:	| ........ ........ +-...... ........ |[!!]RC=21 ok p=1
Q56:	| ........ ........ Q+...... ........ |[!!]RC=6 ok p=1
Q57:	| ........ ........ +-...... ........ |[!!]RC=10 ok p=1
Q58:	| ........ ........ Q+...... ........ |[!!]RC=15 ok p=1
Q59:	| ........ ........ +-...... ........ |[!!]RC=21 ok p=1
Q60:	| ........ ........ Q+...... ........ |[!!]RC=6 ok p=1
Q61:	| ........ ........ +-...... ........ |[!!]RC=10 ok p=1
Q62:	| ........ ........ .+...... ........ |[!!]RC=15 ok p=1
Q63:	| ........ ........ 1+...... ........ |[!!]RC=21 ok p=1
Q64:	| ........ ........ .+...... ....+... |


ICS2_2:
delta_m[4] = [!31!]
delta_m[11] = [!15!]
delta_m[14] = [!31!]
------------minimum path------------
Q13:	| +....... ........ ........ ........ |
Q14:	| ........ ........ 1....... ........ |
Q15:	| -....... ........ -....... ........ |
Q16:	| -....... ........ ........ ........ |[!!]RC=5 ok p=1
Q17:	| +....... ........ ^....... ........ |[!!]RC=9 ok p=1
Q18:	| +....... ........ ........ ........ |[!15!]RC=14 ok p=1
Q19:	| +....... ........ ........ ........ |[!!]RC=20 ok p=1
Q20:	| +....... ........ ........ ........ |[!!]RC=5 ok p=1
Q21:	| +....... ........ ........ ........ |[!!]RC=9 ok p=1
Q22:	| +....... ........ ........ ........ |[!!]RC=14 ok p=1
Q23:	| -....... ........ ........ ........ |[!31!]RC=20 ok p=1
Q24:	| -....... ........ ........ ........ |[!!]RC=5 ok p=1
Q25:	| +....... ........ ........ ........ |[!31!]RC=9 ok p=1
Q26:	| +....... ........ ........ ........ |[!!]RC=14 ok p=1
Q27:	| +....... ........ ........ ........ |[!!]RC=20 ok p=1
Q28:	| +....... ........ ........ ........ |[!!]RC=5 ok p=1
Q29:	| +....... ........ ........ ........ |[!!]RC=9 ok p=1
Q30:	| +....... ........ ........ ........ |[!!]RC=14 ok p=1
Q31:	| +....... ........ ........ ........ |[!!]RC=20 ok p=1
Q32:	| -....... ........ ........ ........ |[!!]RC=4 ok p=1
Q33:	| +....... ........ ........ ........ |[!!]RC=11 ok p=1
Q34:	| +....... ........ ........ ........ |[!15!]RC=16 ok p=0.496094
Q35:	| ........ ........ ........ ........ |[!31!]RC=23 ok p=1
Q36:	| ^....... ........ ........ ........ |[!!]RC=4 ok p=1
Q37:	| ........ ........ ........ ........ |[!31!]RC=11 ok p=1
Q38:	| ........ ........ ........ ........ |[!!]RC=16 ok p=1
Q39:	| ........ ........ ........ ........ |[!!]RC=23 ok p=1
Q40:	| ........ ........ ........ ........ |[!!]RC=4 ok p=1
Q41:	| ........ ........ ........ ........ |[!!]RC=11 ok p=1
Q42:	| ........ ........ ........ ........ |[!!]RC=16 ok p=1
Q43:	| ........ ........ ........ ........ |[!!]RC=23 ok p=1
Q44:	| ........ ........ ........ ........ |[!!]RC=4 ok p=1
Q45:	| ........ ........ ........ ........ |[!!]RC=11 ok p=1
Q46:	| ........ ........ ........ ........ |[!!]RC=16 ok p=1
Q47:	| ........ ........ ........ ........ |[!!]RC=23 ok p=1
Q48:	| ........ ........ ........ ........ |[!!]RC=6 ok p=1
Q49:	| ........ ........ .0...... ........ |[!!]RC=10 ok p=1
Q50:	| ........ ........ .1...... ........ |[!31!]RC=15 ok p=0.504883
Q51:	| ........ ........ 0+...... ........ |[!!]RC=21 ok p=1
Q52:	| ........ ........ Q+...... ........ |[!!]RC=6 ok p=1
Q53:	| ........ ........ +-...... ........ |[!!]RC=10 ok p=1
Q54:	| ........ ........ Q+...... ........ |[!!]RC=15 ok p=1
Q55:	| ........ ........ +-...... ........ |[!!]RC=21 ok p=1
Q56:	| ........ ........ Q+...... ........ |[!!]RC=6 ok p=1
Q57:	| ........ ........ +-...... ........ |[!!]RC=10 ok p=1
Q58:	| ........ ........ Q+...... ........ |[!!]RC=15 ok p=1
Q59:	| ........ ........ +-...... ..0..... |[!!]RC=21 ok p=1
Q60:	| .......0 ........ 0+...... ..1..... |[!31!]RC=6 ok p=0.462891
Q61:	| .......1 ........ 0+...... ..+..... |[!15!]RC=10 ok p=0.99707
Q62:	| .......+ ........ .+...... ..+..... |[!!]RC=15 ok p=1
Q63:	| .......+ ........ .+...... ..+..... |[!!]RC=21 ok p=0.986328
Q64:	| .....-.+ ........ .+...... ..+..... |

------------maximum path------------
Q13:	| .....-.. ........ +....... ........ |
Q14:	| -....... .-.....+ -....... ........ |
Q15:	| +....... .......- +....... ........ |
Q16:	| -....... .^.....0 0....... ........ |[!!]RC=5 ok p=0.530273
Q17:	| 0....... .......1 1....... ........ |[!!]RC=9 ok p=0.532227
Q18:	| -....... ........ ........ ........ |[!15!]RC=14 ok p=1
Q19:	| -....... ........ ........ ........ |[!!]RC=20 ok p=1
Q20:	| +....... ........ ........ ........ |[!!]RC=5 ok p=1
Q21:	| +....... ........ ........ ........ |[!!]RC=9 ok p=1
Q22:	| +....... ........ ........ ........ |[!!]RC=14 ok p=1
Q23:	| -....... ........ ........ ........ |[!31!]RC=20 ok p=1
Q24:	| -....... ........ ........ ........ |[!!]RC=5 ok p=1
Q25:	| +....... ........ ........ ........ |[!31!]RC=9 ok p=1
Q26:	| +....... ........ ........ ........ |[!!]RC=14 ok p=1
Q27:	| +....... ........ ........ ........ |[!!]RC=20 ok p=1
Q28:	| +....... ........ ........ ........ |[!!]RC=5 ok p=1
Q29:	| +....... ........ ........ ........ |[!!]RC=9 ok p=1
Q30:	| +....... ........ ........ ........ |[!!]RC=14 ok p=1
Q31:	| +....... ........ ........ ........ |[!!]RC=20 ok p=1
Q32:	| +....... ........ ........ ........ |[!!]RC=4 ok p=1
Q33:	| -....... ........ ........ ........ |[!!]RC=11 ok p=1
Q34:	| +....... ........ ........ ........ |[!15!]RC=16 ok p=0.509766
Q35:	| ........ ........ ........ ........ |[!31!]RC=23 ok p=1
Q36:	| ^....... ........ ........ ........ |[!!]RC=4 ok p=1
Q37:	| ........ ........ ........ ........ |[!31!]RC=11 ok p=1
Q38:	| ........ ........ ........ ........ |[!!]RC=16 ok p=1
Q39:	| ........ ........ ........ ........ |[!!]RC=23 ok p=1
Q40:	| ........ ........ ........ ........ |[!!]RC=4 ok p=1
Q41:	| ........ ........ ........ ........ |[!!]RC=11 ok p=1
Q42:	| ........ ........ ........ ........ |[!!]RC=16 ok p=1
Q43:	| ........ ........ ........ ........ |[!!]RC=23 ok p=1
Q44:	| ........ ........ ........ ........ |[!!]RC=4 ok p=1
Q45:	| ........ ........ ........ ........ |[!!]RC=11 ok p=1
Q46:	| ........ ........ ........ ........ |[!!]RC=16 ok p=1
Q47:	| ........ ........ ........ ........ |[!!]RC=23 ok p=1
Q48:	| ........ ........ ........ ........ |[!!]RC=6 ok p=1
Q49:	| ........ ........ .0...... ........ |[!!]RC=10 ok p=1
Q50:	| ........ ........ .1...... ........ |[!31!]RC=15 ok p=0.508789
Q51:	| ........ ........ 0+...... ........ |[!!]RC=21 ok p=1
Q52:	| ........ ........ Q+...... ........ |[!!]RC=6 ok p=1
Q53:	| ........ ........ +-...... ........ |[!!]RC=10 ok p=1
Q54:	| ........ ........ Q+...... ........ |[!!]RC=15 ok p=1
Q55:	| ........ ........ +-...... ........ |[!!]RC=21 ok p=1
Q56:	| ........ ........ Q+...... ........ |[!!]RC=6 ok p=1
Q57:	| ........ ........ +-...... ........ |[!!]RC=10 ok p=1
Q58:	| ........ ........ Q+...... ........ |[!!]RC=15 ok p=1
Q59:	| ........ ........ +-...... ..0..... |[!!]RC=21 ok p=1
Q60:	| .......0 ........ 0+...... ..1..... |[!31!]RC=6 ok p=0.481445
Q61:	| .......1 ........ 0+...... ..+..... |[!15!]RC=10 ok p=0.996094
Q62:	| .......+ ........ .+...... ..+..... |[!!]RC=15 ok p=1
Q63:	| .......+ ........ .+...... ..+..... |[!!]RC=21 ok p=0.975586
Q64:	| .....-.+ ........ .+...... ..+..... |


delta_m[4] = [!31!]
delta_m[11] = [!-15!]
delta_m[14] = [!31!]
------------minimum path------------
Q13:	| +....... ........ ........ ........ |
Q14:	| ........ ........ 1....... ........ |
Q15:	| -....... ........ +....... ........ |
Q16:	| -....... ........ ........ ........ |[!!]RC=5 ok p=1
Q17:	| +....... ........ ^....... ........ |[!!]RC=9 ok p=1
Q18:	| +....... ........ ........ ........ |[!-15!]RC=14 ok p=1
Q19:	| +....... ........ ........ ........ |[!!]RC=20 ok p=1
Q20:	| +....... ........ ........ ........ |[!!]RC=5 ok p=1
Q21:	| +....... ........ ........ ........ |[!!]RC=9 ok p=1
Q22:	| +....... ........ ........ ........ |[!!]RC=14 ok p=1
Q23:	| -....... ........ ........ ........ |[!31!]RC=20 ok p=1
Q24:	| -....... ........ ........ ........ |[!!]RC=5 ok p=1
Q25:	| +....... ........ ........ ........ |[!31!]RC=9 ok p=1
Q26:	| +....... ........ ........ ........ |[!!]RC=14 ok p=1
Q27:	| +....... ........ ........ ........ |[!!]RC=20 ok p=1
Q28:	| +....... ........ ........ ........ |[!!]RC=5 ok p=1
Q29:	| +....... ........ ........ ........ |[!!]RC=9 ok p=1
Q30:	| +....... ........ ........ ........ |[!!]RC=14 ok p=1
Q31:	| +....... ........ ........ ........ |[!!]RC=20 ok p=1
Q32:	| -....... ........ ........ ........ |[!!]RC=4 ok p=1
Q33:	| +....... ........ ........ ........ |[!!]RC=11 ok p=1
Q34:	| -....... ........ ........ ........ |[!-15!]RC=16 ok p=0.508789
Q35:	| ........ ........ ........ ........ |[!31!]RC=23 ok p=1
Q36:	| ^....... ........ ........ ........ |[!!]RC=4 ok p=1
Q37:	| ........ ........ ........ ........ |[!31!]RC=11 ok p=1
Q38:	| ........ ........ ........ ........ |[!!]RC=16 ok p=1
Q39:	| ........ ........ ........ ........ |[!!]RC=23 ok p=1
Q40:	| ........ ........ ........ ........ |[!!]RC=4 ok p=1
Q41:	| ........ ........ ........ ........ |[!!]RC=11 ok p=1
Q42:	| ........ ........ ........ ........ |[!!]RC=16 ok p=1
Q43:	| ........ ........ ........ ........ |[!!]RC=23 ok p=1
Q44:	| ........ ........ ........ ........ |[!!]RC=4 ok p=1
Q45:	| ........ ........ ........ ........ |[!!]RC=11 ok p=1
Q46:	| ........ ........ ........ ........ |[!!]RC=16 ok p=1
Q47:	| ........ ........ ........ ........ |[!!]RC=23 ok p=1
Q48:	| ........ ........ ........ ........ |[!!]RC=6 ok p=1
Q49:	| ........ ........ .0...... ........ |[!!]RC=10 ok p=1
Q50:	| ........ ........ .1...... ........ |[!31!]RC=15 ok p=0.50293
Q51:	| ........ ........ 0+...... ........ |[!!]RC=21 ok p=1
Q52:	| ........ ........ Q+...... ........ |[!!]RC=6 ok p=1
Q53:	| ........ ........ +-...... ........ |[!!]RC=10 ok p=1
Q54:	| ........ ........ Q+...... ........ |[!!]RC=15 ok p=1
Q55:	| ........ ........ +-...... ........ |[!!]RC=21 ok p=1
Q56:	| ........ ........ Q+...... ........ |[!!]RC=6 ok p=1
Q57:	| ........ ........ +-...... ........ |[!!]RC=10 ok p=1
Q58:	| ........ ........ Q+...... ........ |[!!]RC=15 ok p=1
Q59:	| ........ ........ +-...... ..0..... |[!!]RC=21 ok p=1
Q60:	| .......0 ........ .+...... ..1..... |[!31!]RC=6 ok p=0.480469
Q61:	| .......1 ........ 1+...... ..+..... |[!-15!]RC=10 ok p=0.996094
Q62:	| .......- ........ .+...... ..+..... |[!!]RC=15 ok p=1
Q63:	| .......- ........ .+...... ..+..... |[!!]RC=21 ok p=0.982422
Q64:	| .....-.- ........ .+...... ..+..... |

------------maximum path------------
Q13:	| +....... .......+ ........ ........ |
Q14:	| +....... .+.....+ -....... ........ |
Q15:	| -....... .......- -....... ........ |
Q16:	| -....... .^.....0 0....... ........ |[!!]RC=5 ok p=1
Q17:	| -....... .......^ 1....... ........ |[!!]RC=9 ok p=0.503906
Q18:	| 1....... ........ ........ ........ |[!-15!]RC=14 ok p=0.5
Q19:	| +....... ........ ........ ........ |[!!]RC=20 ok p=1
Q20:	| +....... ........ ........ ........ |[!!]RC=5 ok p=1
Q21:	| -....... ........ ........ ........ |[!!]RC=9 ok p=1
Q22:	| -....... ........ ........ ........ |[!!]RC=14 ok p=1
Q23:	| +....... ........ ........ ........ |[!31!]RC=20 ok p=1
Q24:	| +....... ........ ........ ........ |[!!]RC=5 ok p=1
Q25:	| -....... ........ ........ ........ |[!31!]RC=9 ok p=1
Q26:	| -....... ........ ........ ........ |[!!]RC=14 ok p=1
Q27:	| -....... ........ ........ ........ |[!!]RC=20 ok p=1
Q28:	| -....... ........ ........ ........ |[!!]RC=5 ok p=1
Q29:	| -....... ........ ........ ........ |[!!]RC=9 ok p=1
Q30:	| -....... ........ ........ ........ |[!!]RC=14 ok p=1
Q31:	| -....... ........ ........ ........ |[!!]RC=20 ok p=1
Q32:	| +....... ........ ........ ........ |[!!]RC=4 ok p=1
Q33:	| +....... ........ ........ ........ |[!!]RC=11 ok p=1
Q34:	| +....... ........ ........ ........ |[!-15!]RC=16 ok p=0.509766
Q35:	| ........ ........ ........ ........ |[!31!]RC=23 ok p=1
Q36:	| !....... ........ ........ ........ |[!!]RC=4 ok p=1
Q37:	| ........ ........ ........ ........ |[!31!]RC=11 ok p=1
Q38:	| ........ ........ ........ ........ |[!!]RC=16 ok p=1
Q39:	| ........ ........ ........ ........ |[!!]RC=23 ok p=1
Q40:	| ........ ........ ........ ........ |[!!]RC=4 ok p=1
Q41:	| ........ ........ ........ ........ |[!!]RC=11 ok p=1
Q42:	| ........ ........ ........ ........ |[!!]RC=16 ok p=1
Q43:	| ........ ........ ........ ........ |[!!]RC=23 ok p=1
Q44:	| ........ ........ ........ ........ |[!!]RC=4 ok p=1
Q45:	| ........ ........ ........ ........ |[!!]RC=11 ok p=1
Q46:	| ........ ........ ........ ........ |[!!]RC=16 ok p=1
Q47:	| ........ ........ ........ ........ |[!!]RC=23 ok p=1
Q48:	| ........ ........ ........ ........ |[!!]RC=6 ok p=1
Q49:	| ........ ........ .0...... ........ |[!!]RC=10 ok p=1
Q50:	| ........ ........ .1...... ........ |[!31!]RC=15 ok p=0.484375
Q51:	| ........ ........ 0+...... ........ |[!!]RC=21 ok p=1
Q52:	| ........ ........ Q+...... ........ |[!!]RC=6 ok p=1
Q53:	| ........ ........ +-...... ........ |[!!]RC=10 ok p=1
Q54:	| ........ ........ Q+...... ........ |[!!]RC=15 ok p=1
Q55:	| ........ ........ +-...... ........ |[!!]RC=21 ok p=1
Q56:	| ........ ........ Q+...... ........ |[!!]RC=6 ok p=1
Q57:	| ........ ........ +-...... ........ |[!!]RC=10 ok p=1
Q58:	| ........ ........ Q+...... ........ |[!!]RC=15 ok p=1
Q59:	| ........ ........ +-...... ..0..... |[!!]RC=21 ok p=1
Q60:	| .......0 ........ .+...... ..1..... |[!31!]RC=6 ok p=0.492188
Q61:	| .......1 ........ 1+...... ..+..... |[!-15!]RC=10 ok p=0.99707
Q62:	| .......- ........ .+...... ..+..... |[!!]RC=15 ok p=1
Q63:	| .......- ........ .+...... ..+..... |[!!]RC=21 ok p=0.987305
Q64:	| .....-.- ........ .+...... ..+..... |


ICS3_1:
delta_m[5] = [!31!]
------------minimum path------------
Q13:	| ...-.+.. ........ .....-.. ......-. |
Q14:	| ....+... .1...... ...1.... .+.....- |
Q15:	| 0....... .-...... 0..-.... .1.....0 |
Q16:	| 1...^... .0...... 1....... .+.0...+ |[!!]RC=5 ok p=0.503906
Q17:	| -....0.. .1...... -..^.... ...1.... |[!!]RC=9 ok p=0.456055
Q18:	| 0....0.. ...0.... ........ .^.+...^ |[!!]RC=14 ok p=0.967773
Q19:	| 0....-.. ...1.... ^....... ........ |[!!]RC=20 ok p=0.989258
Q20:	| ........ ...+.... ..0..... ...^.... |[!31!]RC=5 ok p=0.494141
Q21:	| -....^.. ........ ..1....0 ........ |[!!]RC=9 ok p=1
Q22:	| -....... ...^.... ..+....1 ........ |[!!]RC=14 ok p=0.483398
Q23:	| +....... ........ .......- ........ |[!!]RC=20 ok p=0.999023
Q24:	| +....... .0...... ..^..... ........ |[!!]RC=5 ok p=1
Q25:	| +....... .1...... .......^ ........ |[!!]RC=9 ok p=0.996094
Q26:	| +....... .+...... ........ ........ |[!!]RC=14 ok p=0.99707
Q27:	| +....... ........ ........ ........ |[!!]RC=20 ok p=1
Q28:	| +....... .^...... ........ ........ |[!!]RC=5 ok p=1
Q29:	| +....... ........ ........ ........ |[!!]RC=9 ok p=0.508789
Q30:	| 1....... ........ ........ ........ |[!!]RC=14 ok p=1
Q31:	| 0....... ........ ........ ........ |[!!]RC=20 ok p=1
Q32:	| ........ ........ ........ ........ |[!31!]RC=4 ok p=1
Q33:	| ........ ........ ........ ........ |[!!]RC=11 ok p=1
Q34:	| ........ ........ ........ ........ |[!!]RC=16 ok p=1
Q35:	| ........ ........ ........ ........ |[!!]RC=23 ok p=1
Q36:	| ........ ........ ........ ........ |[!!]RC=4 ok p=1
Q37:	| ........ ........ ........ ........ |[!!]RC=11 ok p=1
Q38:	| ........ ........ ........ ........ |[!!]RC=16 ok p=1
Q39:	| ........ ........ ........ ........ |[!!]RC=23 ok p=1
Q40:	| ........ ........ ........ ........ |[!!]RC=4 ok p=1
Q41:	| ........ ........ ........ ........ |[!!]RC=11 ok p=1
Q42:	| ........ ........ ........ ........ |[!!]RC=16 ok p=1
Q43:	| ........ ........ ........ ........ |[!!]RC=23 ok p=1
Q44:	| ........ ........ ........ ........ |[!!]RC=4 ok p=1
Q45:	| ........ ........ ........ ........ |[!!]RC=11 ok p=1
Q46:	| ........ ........ ........ ........ |[!!]RC=16 ok p=1
Q47:	| ........ ........ ........ ........ |[!!]RC=23 ok p=1
Q48:	| ........ ........ ........ ........ |[!!]RC=6 ok p=1
Q49:	| ........ ........ ........ ........ |[!!]RC=10 ok p=1
Q50:	| ........ ...0.... ........ ........ |[!!]RC=15 ok p=1
Q51:	| ........ ...1.... ........ ........ |[!31!]RC=21 ok p=0.503906
Q52:	| ........ ..0+.... ........ ........ |[!!]RC=6 ok p=1
Q53:	| ........ ..Q+.... ........ ........ |[!!]RC=10 ok p=1
Q54:	| ........ ..+-.... ........ ........ |[!!]RC=15 ok p=1
Q55:	| ........ ..Q+.... ........ ........ |[!!]RC=21 ok p=1
Q56:	| ........ ..+-.... ........ ........ |[!!]RC=6 ok p=1
Q57:	| ........ ..Q+.... ........ ........ |[!!]RC=10 ok p=1
Q58:	| ........ ..+-.... ........ ........ |[!!]RC=15 ok p=1
Q59:	| ........ ..Q+.... ........ ........ |[!!]RC=21 ok p=1
Q60:	| ........ ..+-.... ........ ........ |[!!]RC=6 ok p=1
Q61:	| ........ ..Q+.... ........ ........ |[!!]RC=10 ok p=1
Q62:	| ........ ..+-.... ........ ........ |[!!]RC=15 ok p=1
Q63:	| ........ ...+.... ........ ........ |[!!]RC=21 ok p=1
Q64:	| ........ ...+.... ........ ........ |

------------maximum path------------
Q13:	| .....+.. ........ +..-.+.. .+.-...+ |
Q14:	| 1....... .-...... 0..0.... .1.....0 |
Q15:	| +....... .+...... -..+.... .0.+...1 |
Q16:	| 0....... .1...... 0....... .-.+...- |[!!]RC=5 ok p=0.473633
Q17:	| -....0.. .^...... +..^.... ...-.... |[!!]RC=9 ok p=0.519531
Q18:	| 0....0.. ...0.... ........ .^.-...^ |[!!]RC=14 ok p=0.962891
Q19:	| 0....+.. ...1.... ^....... ...1.... |[!!]RC=20 ok p=0.983398
Q20:	| ........ ...-.... ..0..... ...0.... |[!31!]RC=5 ok p=0.496094
Q21:	| -....^.. ........ ..1....0 ........ |[!!]RC=9 ok p=1
Q22:	| -....... ...^.... ..-....1 ........ |[!!]RC=14 ok p=0.50293
Q23:	| +....... ........ .......+ ........ |[!!]RC=20 ok p=0.999023
Q24:	| +....... .0...... ..^..... ........ |[!!]RC=5 ok p=1
Q25:	| +....... .1...... .......^ ........ |[!!]RC=9 ok p=0.998047
Q26:	| +....... .-...... ........ ........ |[!!]RC=14 ok p=0.998047
Q27:	| +....... ........ ........ ........ |[!!]RC=20 ok p=1
Q28:	| +....... .^...... ........ ........ |[!!]RC=5 ok p=1
Q29:	| +....... ........ ........ ........ |[!!]RC=9 ok p=0.515625
Q30:	| 1....... ........ ........ ........ |[!!]RC=14 ok p=1
Q31:	| 0....... ........ ........ ........ |[!!]RC=20 ok p=1
Q32:	| ........ ........ ........ ........ |[!31!]RC=4 ok p=1
Q33:	| ........ ........ ........ ........ |[!!]RC=11 ok p=1
Q34:	| ........ ........ ........ ........ |[!!]RC=16 ok p=1
Q35:	| ........ ........ ........ ........ |[!!]RC=23 ok p=1
Q36:	| ........ ........ ........ ........ |[!!]RC=4 ok p=1
Q37:	| ........ ........ ........ ........ |[!!]RC=11 ok p=1
Q38:	| ........ ........ ........ ........ |[!!]RC=16 ok p=1
Q39:	| ........ ........ ........ ........ |[!!]RC=23 ok p=1
Q40:	| ........ ........ ........ ........ |[!!]RC=4 ok p=1
Q41:	| ........ ........ ........ ........ |[!!]RC=11 ok p=1
Q42:	| ........ ........ ........ ........ |[!!]RC=16 ok p=1
Q43:	| ........ ........ ........ ........ |[!!]RC=23 ok p=1
Q44:	| ........ ........ ........ ........ |[!!]RC=4 ok p=1
Q45:	| ........ ........ ........ ........ |[!!]RC=11 ok p=1
Q46:	| ........ ........ ........ ........ |[!!]RC=16 ok p=1
Q47:	| ........ ........ ........ ........ |[!!]RC=23 ok p=1
Q48:	| ........ ........ ........ ........ |[!!]RC=6 ok p=1
Q49:	| ........ ........ ........ ........ |[!!]RC=10 ok p=1
Q50:	| ........ ...0.... ........ ........ |[!!]RC=15 ok p=1
Q51:	| ........ ...1.... ........ ........ |[!31!]RC=21 ok p=0.513672
Q52:	| ........ ..0+.... ........ ........ |[!!]RC=6 ok p=1
Q53:	| ........ ..Q+.... ........ ........ |[!!]RC=10 ok p=1
Q54:	| ........ ..+-.... ........ ........ |[!!]RC=15 ok p=1
Q55:	| ........ ..Q+.... ........ ........ |[!!]RC=21 ok p=1
Q56:	| ........ ..+-.... ........ ........ |[!!]RC=6 ok p=1
Q57:	| ........ ..Q+.... ........ ........ |[!!]RC=10 ok p=1
Q58:	| ........ ..+-.... ........ ........ |[!!]RC=15 ok p=1
Q59:	| ........ ..Q+.... ........ ........ |[!!]RC=21 ok p=1
Q60:	| ........ ..+-.... ........ ........ |[!!]RC=6 ok p=1
Q61:	| ........ ..Q+.... ........ ........ |[!!]RC=10 ok p=1
Q62:	| ........ ..+-.... ........ ........ |[!!]RC=15 ok p=1
Q63:	| ........ ...+.... ........ ........ |[!!]RC=21 ok p=1
Q64:	| ........ ...+.... ........ ........ |


ICS3_2:
delta_m[5] = [!31!]
delta_m[11] = [!31!]
------------minimum path------------
Q13:	| ...-.+.- .-..+... ......-. ......+. |
Q14:	| ....-..+ ...+.... 1.-..1.. ...+...+ |
Q15:	| 0.+.-..- ........ -.0..-.. ......-. |
Q16:	| ..+.+..0 ...^.... 0.+...0. ...^..-^ |[!!]RC=5 ok p=0.676758
Q17:	| +.-.0..+ ........ 0.-..^1. ......0. |[!!]RC=9 ok p=0.722656
Q18:	| +.0.^..+ ........ 1.1...+. ....0.+. |[!31!]RC=14 ok p=1
Q19:	| -.-....0 .....0.. -.0..... ....1.+. |[!!]RC=20 ok p=1
Q20:	| +.-....1 .....1.. ......^. ....+.-. |[!31!]RC=5 ok p=0.347656
Q21:	| +.+..... .....-.. ^....... ......-. |[!!]RC=9 ok p=0.994141
Q22:	| +.+..... 0....... ........ ....^.1. |[!!]RC=14 ok p=0.765625
Q23:	| +.1..... 1....^.. ........ .0....0. |[!!]RC=20 ok p=1
Q24:	| +.0..... +....... ........ .1...... |[!!]RC=5 ok p=0.999023
Q25:	| +....... ........ ........ .-...... |[!!]RC=9 ok p=0.863281
Q26:	| +....... ^....... ....0... ........ |[!!]RC=14 ok p=1
Q27:	| +....... ........ ....1... .^...... |[!!]RC=20 ok p=0.999023
Q28:	| +....... ........ ....+... ........ |[!!]RC=5 ok p=1
Q29:	| +....... ........ ........ ........ |[!!]RC=9 ok p=1
Q30:	| +....... ........ ....^... ........ |[!!]RC=14 ok p=1
Q31:	| +....... ........ ........ ........ |[!!]RC=20 ok p=0.500977
Q32:	| ........ ........ ........ ........ |[!31!]RC=4 ok p=1
Q33:	| ^....... ........ ........ ........ |[!!]RC=11 ok p=1
Q34:	| ........ ........ ........ ........ |[!31!]RC=16 ok p=1
Q35:	| ........ ........ ........ ........ |[!!]RC=23 ok p=1
Q36:	| ........ ........ ........ ........ |[!!]RC=4 ok p=1
Q37:	| ........ ........ ........ ........ |[!!]RC=11 ok p=1
Q38:	| ........ ........ ........ ........ |[!!]RC=16 ok p=1
Q39:	| ........ ........ ........ ........ |[!!]RC=23 ok p=1
Q40:	| ........ ........ ........ ........ |[!!]RC=4 ok p=1
Q41:	| ........ ........ ........ ........ |[!!]RC=11 ok p=1
Q42:	| ........ ........ ........ ........ |[!!]RC=16 ok p=1
Q43:	| ........ ........ ........ ........ |[!!]RC=23 ok p=1
Q44:	| ........ ........ ........ ........ |[!!]RC=4 ok p=1
Q45:	| ........ ........ ........ ........ |[!!]RC=11 ok p=1
Q46:	| ........ ........ ........ ........ |[!!]RC=16 ok p=1
Q47:	| ........ ........ ........ ........ |[!!]RC=23 ok p=1
Q48:	| ........ ........ ........ ........ |[!!]RC=6 ok p=1
Q49:	| ........ ........ ........ ........ |[!!]RC=10 ok p=1
Q50:	| ........ ...0.... ........ ........ |[!!]RC=15 ok p=1
Q51:	| ........ ...1.... ........ ........ |[!31!]RC=21 ok p=0.522461
Q52:	| ........ ..0+.... ........ ........ |[!!]RC=6 ok p=1
Q53:	| ........ ..Q+.... ........ ........ |[!!]RC=10 ok p=1
Q54:	| ........ ..+-.... ........ ........ |[!!]RC=15 ok p=1
Q55:	| ........ ..Q+.... ........ ........ |[!!]RC=21 ok p=1
Q56:	| ........ ..+-.... ........ ........ |[!!]RC=6 ok p=1
Q57:	| ........ ..Q+.... ........ ........ |[!!]RC=10 ok p=1
Q58:	| ........ ..+-.... ........ ........ |[!!]RC=15 ok p=1
Q59:	| ........ ..Q+.... ........ ........ |[!!]RC=21 ok p=1
Q60:	| ........ ..+-.... ......0. ........ |[!!]RC=6 ok p=1
Q61:	| ........ ..Q+.... ......1. ........ |[!31!]RC=10 ok p=0.477539
Q62:	| ........ ..+-.... ......+. ........ |[!!]RC=15 ok p=1
Q63:	| ........ ...+.... ......+. ........ |[!!]RC=21 ok p=1
Q64:	| ........ ...+.... ......+. ........ |

------------maximum path------------
Q13:	| ..+.-... .-..+... +.....+. ...-..+. |
Q14:	| +...0..+ ...+.... 0.+..0.. ...+..+- |
Q15:	| 1.0.-..- ........ -.1..-.. ...0..-. |
Q16:	| +.1.+..0 ...^.... 0.+...0. ...1..-^ |[!!]RC=5 ok p=0.896484
Q17:	| -.-.1..+ ........ 0.-..^1. ......0. |[!!]RC=9 ok p=0.743164
Q18:	| -.1.^..+ ........ 1.1...+. ....0.+. |[!31!]RC=14 ok p=0.780273
Q19:	| -.-....0 .....0.. -.0..... ....1.+. |[!!]RC=20 ok p=1
Q20:	| +.-....1 .....1.. ......^. ....+.-. |[!31!]RC=5 ok p=0.365234
Q21:	| +.+..... .....-.. ^....... ......-. |[!!]RC=9 ok p=0.993164
Q22:	| +.+..... 0....... ........ ....^.1. |[!!]RC=14 ok p=0.763672
Q23:	| +.1..... 1....^.. ........ .0....0. |[!!]RC=20 ok p=1
Q24:	| +.0..... +....... ........ .1...... |[!!]RC=5 ok p=0.996094
Q25:	| +....... ........ ........ .-...... |[!!]RC=9 ok p=0.886719
Q26:	| +....... ^....... ....0... ........ |[!!]RC=14 ok p=1
Q27:	| +....... ........ ....1... .^...... |[!!]RC=20 ok p=0.998047
Q28:	| +....... ........ ....+... ........ |[!!]RC=5 ok p=1
Q29:	| +....... ........ ........ ........ |[!!]RC=9 ok p=1
Q30:	| +....... ........ ....^... ........ |[!!]RC=14 ok p=1
Q31:	| +....... ........ ........ ........ |[!!]RC=20 ok p=0.505859
Q32:	| ........ ........ ........ ........ |[!31!]RC=4 ok p=1
Q33:	| ^....... ........ ........ ........ |[!!]RC=11 ok p=1
Q34:	| ........ ........ ........ ........ |[!31!]RC=16 ok p=1
Q35:	| ........ ........ ........ ........ |[!!]RC=23 ok p=1
Q36:	| ........ ........ ........ ........ |[!!]RC=4 ok p=1
Q37:	| ........ ........ ........ ........ |[!!]RC=11 ok p=1
Q38:	| ........ ........ ........ ........ |[!!]RC=16 ok p=1
Q39:	| ........ ........ ........ ........ |[!!]RC=23 ok p=1
Q40:	| ........ ........ ........ ........ |[!!]RC=4 ok p=1
Q41:	| ........ ........ ........ ........ |[!!]RC=11 ok p=1
Q42:	| ........ ........ ........ ........ |[!!]RC=16 ok p=1
Q43:	| ........ ........ ........ ........ |[!!]RC=23 ok p=1
Q44:	| ........ ........ ........ ........ |[!!]RC=4 ok p=1
Q45:	| ........ ........ ........ ........ |[!!]RC=11 ok p=1
Q46:	| ........ ........ ........ ........ |[!!]RC=16 ok p=1
Q47:	| ........ ........ ........ ........ |[!!]RC=23 ok p=1
Q48:	| ........ ........ ........ ........ |[!!]RC=6 ok p=1
Q49:	| ........ ........ ........ ........ |[!!]RC=10 ok p=1
Q50:	| ........ ...0.... ........ ........ |[!!]RC=15 ok p=1
Q51:	| ........ ...1.... ........ ........ |[!31!]RC=21 ok p=0.489258
Q52:	| ........ ..0+.... ........ ........ |[!!]RC=6 ok p=1
Q53:	| ........ ..Q+.... ........ ........ |[!!]RC=10 ok p=1
Q54:	| ........ ..+-.... ........ ........ |[!!]RC=15 ok p=1
Q55:	| ........ ..Q+.... ........ ........ |[!!]RC=21 ok p=1
Q56:	| ........ ..+-.... ........ ........ |[!!]RC=6 ok p=1
Q57:	| ........ ..Q+.... ........ ........ |[!!]RC=10 ok p=1
Q58:	| ........ ..+-.... ........ ........ |[!!]RC=15 ok p=1
Q59:	| ........ ..Q+.... ........ ........ |[!!]RC=21 ok p=1
Q60:	| ........ ..+-.... ......0. ........ |[!!]RC=6 ok p=1
Q61:	| ........ ..Q+.... ......1. ........ |[!31!]RC=10 ok p=0.53125
Q62:	| ........ ..+-.... ......+. ........ |[!!]RC=15 ok p=1
Q63:	| ........ ...+.... ......+. ........ |[!!]RC=21 ok p=1
Q64:	| ........ ...+.... ......+. ........ |


ICS3_3:
delta_m[5] = [!31!]
delta_m[8] = [!31!]
------------minimum path------------
Q13:	| .-...... -.+..... .+...... ..-..... |
Q14:	| ....0-.. ..-..... ...-...- ..1...+. |
Q15:	| ....1... ..+.0... .....1.. ..-.0... |
Q16:	| ....+^.. ..+.1.1. ...^.1.^ ...10.^. |[!!]RC=5 ok p=0.524414
Q17:	| 0....... ..+1+.1. .....-.. ..^1-... |[!!]RC=9 ok p=0.977539
Q18:	| ....^... ..1...-. 1......0 ...-.... |[!!]RC=14 ok p=0.510742
Q19:	| +....0.0 ..^-^... 0....^.1 ....^... |[!!]RC=20 ok p=0.911133
Q20:	| +....0.1 ...-..^. +.0....+ ...^.... |[!31!]RC=5 ok p=1
Q21:	| -....+.- ...0.... ..1....1 ....0... |[!!]RC=9 ok p=1
Q22:	| +.0..... ...1.... ^.-....1 ....1... |[!!]RC=14 ok p=0.496094
Q23:	| +.1..^.^ ........ .......+ ....-... |[!!]RC=20 ok p=0.734375
Q24:	| +.+..... .0...... ..^..... ........ |[!!]RC=5 ok p=0.62207
Q25:	| 1....... .1....0. .......^ ....^... |[!!]RC=9 ok p=1
Q26:	| 0.^..... .-....1. ........ ........ |[!!]RC=14 ok p=1
Q27:	| ........ ......-. ........ ........ |[!31!]RC=20 ok p=0.87207
Q28:	| 0....... .^...... ........ ........ |[!!]RC=5 ok p=1
Q29:	| 1....... ......^. ........ ........ |[!!]RC=9 ok p=0.488281
Q30:	| -....... ........ ........ ........ |[!!]RC=14 ok p=0.47168
Q31:	| ........ ........ ........ ........ |[!!]RC=20 ok p=1
Q32:	| ^....... ........ ........ ........ |[!31!]RC=4 ok p=1
Q33:	| ........ ........ ........ ........ |[!31!]RC=11 ok p=1
Q34:	| ........ ........ ........ ........ |[!!]RC=16 ok p=1
Q35:	| ........ ........ ........ ........ |[!!]RC=23 ok p=1
Q36:	| ........ ........ ........ ........ |[!!]RC=4 ok p=1
Q37:	| ........ ........ ........ ........ |[!!]RC=11 ok p=1
Q38:	| ........ ........ ........ ........ |[!!]RC=16 ok p=1
Q39:	| ........ ........ ........ ........ |[!!]RC=23 ok p=1
Q40:	| ........ ........ ........ ........ |[!!]RC=4 ok p=1
Q41:	| ........ ........ ........ ........ |[!!]RC=11 ok p=1
Q42:	| ........ ........ ........ ........ |[!!]RC=16 ok p=1
Q43:	| ........ ........ ........ ........ |[!!]RC=23 ok p=1
Q44:	| ........ ........ ........ ........ |[!!]RC=4 ok p=1
Q45:	| ........ ........ ........ ........ |[!!]RC=11 ok p=1
Q46:	| ........ ........ ........ ........ |[!!]RC=16 ok p=1
Q47:	| ........ ........ ........ ........ |[!!]RC=23 ok p=1
Q48:	| ........ ........ ........ ........ |[!!]RC=6 ok p=1
Q49:	| ........ ........ ........ ........ |[!!]RC=10 ok p=1
Q50:	| ........ ..00.... ........ ........ |[!!]RC=15 ok p=1
Q51:	| ........ ..Q1.... ........ ........ |[!31!]RC=21 ok p=0.507812
Q52:	| 0....... ..+-.... ........ ........ |[!!]RC=6 ok p=1
Q53:	| 1....... ...+.... ........ ........ |[!!]RC=10 ok p=0.485352
Q54:	| -....... ..1+.... ........ ........ |[!!]RC=15 ok p=1
Q55:	| -....... ...+.... ........ ........ |[!!]RC=21 ok p=1
Q56:	| -....... ...+.... ........ ........ |[!31!]RC=6 ok p=1
Q57:	| -....... ...+.... ........ ........ |[!!]RC=10 ok p=1
Q58:	| -....... ...+.... ........ ........ |[!!]RC=15 ok p=1
Q59:	| -....... ...+.... ........ ........ |[!!]RC=21 ok p=1
Q60:	| -....... ...+.... ........ ........ |[!!]RC=6 ok p=1
Q61:	| -....... ...+.... ........ ........ |[!!]RC=10 ok p=1
Q62:	| -....... ...+.... ........ ........ |[!!]RC=15 ok p=1
Q63:	| +....... ...+.... ........ ........ |[!!]RC=21 ok p=0.49707
Q64:	| +....... ..+..... ........ ........ |

------------maximum path------------
Q13:	| .+...... +.-..... ..-..... ....-... |
Q14:	| ....0+.. ..+..1+. ...+.... ..0.-.-. |
Q15:	| ....1... ..-..+1. ...1.1.. ..+.1... |
Q16:	| ....-^.. ..-..01. ...0.1.. ...10.^. |[!!]RC=5 ok p=0.53418
Q17:	| 0....... ..-1.--. .....+.. ..^1+... |[!!]RC=9 ok p=0.991211
Q18:	| ....^... ..1...+. 1......0 ...+.... |[!!]RC=14 ok p=0.495117
Q19:	| -....0.0 ..^+.^1. 0....^.1 ....^... |[!!]RC=20 ok p=1
Q20:	| -....0.1 ...+..0. -.0....- ...^.... |[!31!]RC=5 ok p=1
Q21:	| +....-.+ ...0.... ..1....1 ....0... |[!!]RC=9 ok p=1
Q22:	| -.0..... ...1.... ^.+....1 ....1... |[!!]RC=14 ok p=0.479492
Q23:	| -.1..^.^ ........ .......- ....+... |[!!]RC=20 ok p=0.734375
Q24:	| -.-..... .0...... ..^..... ........ |[!!]RC=5 ok p=0.629883
Q25:	| 1....... .1....0. .......^ ....^... |[!!]RC=9 ok p=1
Q26:	| 0.^..... .+....1. ........ ........ |[!!]RC=14 ok p=1
Q27:	| ........ ......+. ........ ........ |[!31!]RC=20 ok p=0.866211
Q28:	| 0....... .^...... ........ ........ |[!!]RC=5 ok p=1
Q29:	| 1....... ......^. ........ ........ |[!!]RC=9 ok p=0.508789
Q30:	| +....... ........ ........ ........ |[!!]RC=14 ok p=0.46875
Q31:	| ........ ........ ........ ........ |[!!]RC=20 ok p=1
Q32:	| ^....... ........ ........ ........ |[!31!]RC=4 ok p=1
Q33:	| ........ ........ ........ ........ |[!31!]RC=11 ok p=1
Q34:	| ........ ........ ........ ........ |[!!]RC=16 ok p=1
Q35:	| ........ ........ ........ ........ |[!!]RC=23 ok p=1
Q36:	| ........ ........ ........ ........ |[!!]RC=4 ok p=1
Q37:	| ........ ........ ........ ........ |[!!]RC=11 ok p=1
Q38:	| ........ ........ ........ ........ |[!!]RC=16 ok p=1
Q39:	| ........ ........ ........ ........ |[!!]RC=23 ok p=1
Q40:	| ........ ........ ........ ........ |[!!]RC=4 ok p=1
Q41:	| ........ ........ ........ ........ |[!!]RC=11 ok p=1
Q42:	| ........ ........ ........ ........ |[!!]RC=16 ok p=1
Q43:	| ........ ........ ........ ........ |[!!]RC=23 ok p=1
Q44:	| ........ ........ ........ ........ |[!!]RC=4 ok p=1
Q45:	| ........ ........ ........ ........ |[!!]RC=11 ok p=1
Q46:	| ........ ........ ........ ........ |[!!]RC=16 ok p=1
Q47:	| ........ ........ ........ ........ |[!!]RC=23 ok p=1
Q48:	| ........ ........ ........ ........ |[!!]RC=6 ok p=1
Q49:	| ........ ........ ........ ........ |[!!]RC=10 ok p=1
Q50:	| ........ ..00.... ........ ........ |[!!]RC=15 ok p=1
Q51:	| ........ ..Q1.... ........ ........ |[!31!]RC=21 ok p=0.49707
Q52:	| 0....... ..+-.... ........ ........ |[!!]RC=6 ok p=1
Q53:	| 1....... ...+.... ........ ........ |[!!]RC=10 ok p=0.494141
Q54:	| -....... ..1+.... ........ ........ |[!!]RC=15 ok p=1
Q55:	| -....... ...+.... ........ ........ |[!!]RC=21 ok p=1
Q56:	| -....... ...+.... ........ ........ |[!31!]RC=6 ok p=1
Q57:	| -....... ...+.... ........ ........ |[!!]RC=10 ok p=1
Q58:	| -....... ...+.... ........ ........ |[!!]RC=15 ok p=1
Q59:	| -....... ...+.... ........ ........ |[!!]RC=21 ok p=1
Q60:	| -....... ...+.... ........ ........ |[!!]RC=6 ok p=1
Q61:	| -....... ...+.... ........ ........ |[!!]RC=10 ok p=1
Q62:	| -....... ...+.... ........ ........ |[!!]RC=15 ok p=1
Q63:	| +....... ...+.... ........ ........ |[!!]RC=21 ok p=0.480469
Q64:	| +....... ..+..... ........ ........ |


NICS1:
delta_m[8] = [!25!]
------------minimum path------------
Q13:	| +.-...+. ..+.-..+ .+...... .+.-.-.. |
Q14:	| .....-.- ........ +.....-. .....-.. |
Q15:	| .0.....1 ..-..... .-..0.+. ...0.1.. |
Q16:	| .1...^.1 ..-..... ^-..1.+. ...1.+.. |[!!]RC=5 ok p=0.371094
Q17:	| .+0....- ..1..... .0..+.1. ...+.1.. |[!!]RC=9 ok p=0.705078
Q18:	| ..1..... ..^..... .1....0. ....0+.. |[!!]RC=14 ok p=0.766602
Q19:	| .^-....^ ......00 ....^.1. ...^1-.. |[!!]RC=20 ok p=0.883789
Q20:	| ..1..... ........ ...0..-. ....-1.. |[!!]RC=5 ok p=0.657227
Q21:	| ..-..... ......+- ...1.... .....0.. |[!!]RC=9 ok p=1
Q22:	| ..-..... 0.....+- ...+..^. ....^... |[!!]RC=14 ok p=0.555664
Q23:	| ..+..... 1.0...00 ........ ........ |[!!]RC=20 ok p=0.879883
Q24:	| ..0..00. -.1...1^ ...^.... ........ |[!!]RC=5 ok p=1
Q25:	| ..1..10. ..-..... ....0... ........ |[!!]RC=9 ok p=0.981445
Q26:	| .....+-. ^....... ....1... ........ |[!!]RC=14 ok p=0.863281
Q27:	| .....1+. ..^..... ....+... ........ |[!25!]RC=20 ok p=1
Q28:	| .....+-. ........ ........ ........ |[!!]RC=5 ok p=0.989258
Q29:	| ......-. ........ ....^... ........ |[!!]RC=9 ok p=1
Q30:	| .....^-. ........ ........ ........ |[!!]RC=14 ok p=0.993164
Q31:	| ......1. ........ ........ ........ |[!!]RC=20 ok p=1
Q32:	| ......!. ........ ........ ........ |[!!]RC=4 ok p=1
Q33:	| ........ ........ ........ ........ |[!25!]RC=11 ok p=1
Q34:	| ........ ........ ........ ........ |[!!]RC=16 ok p=1
Q35:	| ........ ........ ........ ........ |[!!]RC=23 ok p=1
Q36:	| ........ ........ ........ ........ |[!!]RC=4 ok p=1
Q37:	| ........ ........ ........ ........ |[!!]RC=11 ok p=1
Q38:	| ........ ........ ........ ........ |[!!]RC=16 ok p=1
Q39:	| ........ ........ ........ ........ |[!!]RC=23 ok p=1
Q40:	| ........ ........ ........ ........ |[!!]RC=4 ok p=1
Q41:	| ........ ........ ........ ........ |[!!]RC=11 ok p=1
Q42:	| ........ ........ ........ ........ |[!!]RC=16 ok p=1
Q43:	| ........ ........ ........ ........ |[!!]RC=23 ok p=1
Q44:	| ........ ........ ........ ........ |[!!]RC=4 ok p=1
Q45:	| ........ ........ ........ ........ |[!!]RC=11 ok p=1
Q46:	| ........ ........ ........ ........ |[!!]RC=16 ok p=1
Q47:	| ........ ........ ........ ........ |[!!]RC=23 ok p=1
Q48:	| ........ ........ ........ ........ |[!!]RC=6 ok p=1
Q49:	| ........ ........ ........ ........ |[!!]RC=10 ok p=1
Q50:	| ........ ........ ........ ........ |[!!]RC=15 ok p=1
Q51:	| ........ ........ ........ ........ |[!!]RC=21 ok p=1
Q52:	| ........ ........ ........ ........ |[!!]RC=6 ok p=1
Q53:	| ........ ........ ........ ........ |[!!]RC=10 ok p=1
Q54:	| ........ ........ ........ ........ |[!!]RC=15 ok p=1
Q55:	| 0....... ........ ........ ........ |[!!]RC=21 ok p=1
Q56:	| 1....... ........ ........ ........ |[!25!]RC=6 ok p=0.504883
Q57:	| +....... ........ ........ ........ |[!!]RC=10 ok p=1
Q58:	| -....... ........ ........ ........ |[!!]RC=15 ok p=1
Q59:	| -....... ........ ........ ........ |[!!]RC=21 ok p=1
Q60:	| -....... ........ ........ ........ |[!!]RC=6 ok p=1
Q61:	| -....... ........ ........ ........ |[!!]RC=10 ok p=1
Q62:	| -....... ........ ........ ........ |[!!]RC=15 ok p=1
Q63:	| +....... ........ ........ ........ |[!!]RC=21 ok p=0.485352
Q64:	| +....... ...+.... ........ ........ |

------------maximum path------------
Q13:	| +.+.-.+. ..+.-..+ .+....+. .+.-...+ |
Q14:	| .1..-.+. ........ +...-.0. .....-.. |
Q15:	| .-..1..0 ..-..... .-..1.1. ...0.1.. |
Q16:	| .0..0.^1 ..-..... ^-..1.+. ...1.-.. |[!!]RC=5 ok p=0.360352
Q17:	| .+0....- ..1..... .0..+.0. ...+.0.. |[!!]RC=9 ok p=0.727539
Q18:	| ..1..... ..^..... .1....0. ....0+.. |[!!]RC=14 ok p=0.745117
Q19:	| .^-....^ .......0 ....^.1. ...^1-.. |[!!]RC=20 ok p=0.884766
Q20:	| ..1..... ......11 ...0..-. ....-1.. |[!!]RC=5 ok p=0.654297
Q21:	| ..-..... ......1+ ...1.... .....0.. |[!!]RC=9 ok p=1
Q22:	| ..-..... 0.....+- ...+..^. ....^... |[!!]RC=14 ok p=0.558594
Q23:	| ..+..... 1.0...01 ........ ........ |[!!]RC=20 ok p=0.886719
Q24:	| ..0..00. -.1...1^ ...^.... ........ |[!!]RC=5 ok p=1
Q25:	| ..1..10. ..-..... ....0... ........ |[!!]RC=9 ok p=0.981445
Q26:	| .....+-. ^....... ....1... ........ |[!!]RC=14 ok p=0.869141
Q27:	| .....1+. ..^..... ....+... ........ |[!25!]RC=20 ok p=0.999023
Q28:	| .....+-. ........ ........ ........ |[!!]RC=5 ok p=0.988281
Q29:	| ......-. ........ ....^... ........ |[!!]RC=9 ok p=1
Q30:	| .....^-. ........ ........ ........ |[!!]RC=14 ok p=0.994141
Q31:	| ......1. ........ ........ ........ |[!!]RC=20 ok p=1
Q32:	| ......!. ........ ........ ........ |[!!]RC=4 ok p=1
Q33:	| ........ ........ ........ ........ |[!25!]RC=11 ok p=1
Q34:	| ........ ........ ........ ........ |[!!]RC=16 ok p=1
Q35:	| ........ ........ ........ ........ |[!!]RC=23 ok p=1
Q36:	| ........ ........ ........ ........ |[!!]RC=4 ok p=1
Q37:	| ........ ........ ........ ........ |[!!]RC=11 ok p=1
Q38:	| ........ ........ ........ ........ |[!!]RC=16 ok p=1
Q39:	| ........ ........ ........ ........ |[!!]RC=23 ok p=1
Q40:	| ........ ........ ........ ........ |[!!]RC=4 ok p=1
Q41:	| ........ ........ ........ ........ |[!!]RC=11 ok p=1
Q42:	| ........ ........ ........ ........ |[!!]RC=16 ok p=1
Q43:	| ........ ........ ........ ........ |[!!]RC=23 ok p=1
Q44:	| ........ ........ ........ ........ |[!!]RC=4 ok p=1
Q45:	| ........ ........ ........ ........ |[!!]RC=11 ok p=1
Q46:	| ........ ........ ........ ........ |[!!]RC=16 ok p=1
Q47:	| ........ ........ ........ ........ |[!!]RC=23 ok p=1
Q48:	| ........ ........ ........ ........ |[!!]RC=6 ok p=1
Q49:	| ........ ........ ........ ........ |[!!]RC=10 ok p=1
Q50:	| ........ ........ ........ ........ |[!!]RC=15 ok p=1
Q51:	| ........ ........ ........ ........ |[!!]RC=21 ok p=1
Q52:	| ........ ........ ........ ........ |[!!]RC=6 ok p=1
Q53:	| ........ ........ ........ ........ |[!!]RC=10 ok p=1
Q54:	| ........ ........ ........ ........ |[!!]RC=15 ok p=1
Q55:	| 0....... ........ ........ ........ |[!!]RC=21 ok p=1
Q56:	| 1....... ........ ........ ........ |[!25!]RC=6 ok p=0.507812
Q57:	| +....... ........ ........ ........ |[!!]RC=10 ok p=1
Q58:	| -....... ........ ........ ........ |[!!]RC=15 ok p=1
Q59:	| -....... ........ ........ ........ |[!!]RC=21 ok p=1
Q60:	| -....... ........ ........ ........ |[!!]RC=6 ok p=1
Q61:	| -....... ........ ........ ........ |[!!]RC=10 ok p=1
Q62:	| -....... ........ ........ ........ |[!!]RC=15 ok p=1
Q63:	| +....... ........ ........ ........ |[!!]RC=21 ok p=0.529297
Q64:	| +....... ...+.... ........ ........ |


delta_m[8] = [!-25!]
------------minimum path------------
Q13:	| +.-...-. ..-.+..- .-...... .-.+...- |
Q14:	| .....+.+ ........ -.....+. .....0.. |
Q15:	| .0.....1 ..+..... .+..0.-. ...0.0.. |
Q16:	| .1...^.1 ..+..... ^+..1.-. ...1.+.. |[!!]RC=5 ok p=0.483398
Q17:	| .-0....+ ..1..... .0..-.1. ...-.0.. |[!!]RC=9 ok p=0.717773
Q18:	| ..1..... ..^..... .1....0. ....0-.. |[!!]RC=14 ok p=0.765625
Q19:	| .^+....^ ......00 ....^.1. ...^1+.. |[!!]RC=20 ok p=0.887695
Q20:	| ..1..... ........ ...0..+. ....+1.. |[!!]RC=5 ok p=0.648438
Q21:	| ..+..... ......-+ ...1.... .....0.. |[!!]RC=9 ok p=1
Q22:	| ..+..... 0.....-+ ...-..^. ....^... |[!!]RC=14 ok p=0.560547
Q23:	| ..-..... 1.0...00 ........ ........ |[!!]RC=20 ok p=0.897461
Q24:	| ..0..00. +.1...1^ ...^.... ........ |[!!]RC=5 ok p=1
Q25:	| ..1..10. ..+..... ....0... ........ |[!!]RC=9 ok p=0.981445
Q26:	| .....-+. ^....... ....1... ........ |[!!]RC=14 ok p=0.879883
Q27:	| .....1-. ..^..... ....-... ........ |[!-25!]RC=20 ok p=0.996094
Q28:	| .....-+. ........ ........ ........ |[!!]RC=5 ok p=0.983398
Q29:	| ......+. ........ ....^... ........ |[!!]RC=9 ok p=1
Q30:	| .....^+. ........ ........ ........ |[!!]RC=14 ok p=0.992188
Q31:	| ......1. ........ ........ ........ |[!!]RC=20 ok p=1
Q32:	| ......!. ........ ........ ........ |[!!]RC=4 ok p=1
Q33:	| ........ ........ ........ ........ |[!-25!]RC=11 ok p=1
Q34:	| ........ ........ ........ ........ |[!!]RC=16 ok p=1
Q35:	| ........ ........ ........ ........ |[!!]RC=23 ok p=1
Q36:	| ........ ........ ........ ........ |[!!]RC=4 ok p=1
Q37:	| ........ ........ ........ ........ |[!!]RC=11 ok p=1
Q38:	| ........ ........ ........ ........ |[!!]RC=16 ok p=1
Q39:	| ........ ........ ........ ........ |[!!]RC=23 ok p=1
Q40:	| ........ ........ ........ ........ |[!!]RC=4 ok p=1
Q41:	| ........ ........ ........ ........ |[!!]RC=11 ok p=1
Q42:	| ........ ........ ........ ........ |[!!]RC=16 ok p=1
Q43:	| ........ ........ ........ ........ |[!!]RC=23 ok p=1
Q44:	| ........ ........ ........ ........ |[!!]RC=4 ok p=1
Q45:	| ........ ........ ........ ........ |[!!]RC=11 ok p=1
Q46:	| ........ ........ ........ ........ |[!!]RC=16 ok p=1
Q47:	| ........ ........ ........ ........ |[!!]RC=23 ok p=1
Q48:	| ........ ........ ........ ........ |[!!]RC=6 ok p=1
Q49:	| ........ ........ ........ ........ |[!!]RC=10 ok p=1
Q50:	| ........ ........ ........ ........ |[!!]RC=15 ok p=1
Q51:	| ........ ........ ........ ........ |[!!]RC=21 ok p=1
Q52:	| ........ ........ ........ ........ |[!!]RC=6 ok p=1
Q53:	| ........ ........ ........ ........ |[!!]RC=10 ok p=1
Q54:	| ........ ........ ........ ........ |[!!]RC=15 ok p=1
Q55:	| 0....... ........ ........ ........ |[!!]RC=21 ok p=1
Q56:	| 1....... ........ ........ ........ |[!-25!]RC=6 ok p=0.527344
Q57:	| +....... ........ ........ ........ |[!!]RC=10 ok p=1
Q58:	| -....... ........ ........ ........ |[!!]RC=15 ok p=1
Q59:	| -....... ........ ........ ........ |[!!]RC=21 ok p=1
Q60:	| -....... ........ ........ ........ |[!!]RC=6 ok p=1
Q61:	| -....... ........ ........ ........ |[!!]RC=10 ok p=1
Q62:	| -....... ........ ........ ........ |[!!]RC=15 ok p=1
Q63:	| +....... ........ ........ ........ |[!!]RC=21 ok p=0.499023
Q64:	| +....... ...+.... ........ ........ |

------------maximum path------------
Q13:	| +.-...-. ....+.-. +.....-. .-.+.-.- |
Q14:	| .+...+.+ ..0..... 0-....+. ...+.1.. |
Q15:	| .1.....1 ..0..... +0..0.0. ...1.0.. |
Q16:	| .1...^.1 ..+..... 1+..1.-. ...1.+.. |[!!]RC=5 ok p=0.50293
Q17:	| .-0....+ ..0..... 0...-.0. ...-.0.. |[!!]RC=9 ok p=0.732422
Q18:	| ..1..... ..1..... .^....0. ....0-.. |[!!]RC=14 ok p=0.744141
Q19:	| .^+....^ ......00 ....^.1. ...^1+.. |[!!]RC=20 ok p=0.890625
Q20:	| ..1..... ........ ...0..+. ....+1.. |[!!]RC=5 ok p=0.638672
Q21:	| ..+..... ......-+ ...1.... .....0.. |[!!]RC=9 ok p=1
Q22:	| ..+..... 0.....-+ ...-..^. ....^... |[!!]RC=14 ok p=0.537109
Q23:	| ..-..... 1.0...00 ........ ........ |[!!]RC=20 ok p=0.899414
Q24:	| ..0..00. +.1...1^ ...^.... ........ |[!!]RC=5 ok p=1
Q25:	| ..1..10. ..+..... ....0... ........ |[!!]RC=9 ok p=0.984375
Q26:	| .....-+. ^....... ....1... ........ |[!!]RC=14 ok p=0.869141
Q27:	| .....1-. ..^..... ....-... ........ |[!-25!]RC=20 ok p=0.999023
Q28:	| .....-+. ........ ........ ........ |[!!]RC=5 ok p=0.987305
Q29:	| ......+. ........ ....^... ........ |[!!]RC=9 ok p=1
Q30:	| .....^+. ........ ........ ........ |[!!]RC=14 ok p=0.993164
Q31:	| ......1. ........ ........ ........ |[!!]RC=20 ok p=1
Q32:	| ......!. ........ ........ ........ |[!!]RC=4 ok p=1
Q33:	| ........ ........ ........ ........ |[!-25!]RC=11 ok p=1
Q34:	| ........ ........ ........ ........ |[!!]RC=16 ok p=1
Q35:	| ........ ........ ........ ........ |[!!]RC=23 ok p=1
Q36:	| ........ ........ ........ ........ |[!!]RC=4 ok p=1
Q37:	| ........ ........ ........ ........ |[!!]RC=11 ok p=1
Q38:	| ........ ........ ........ ........ |[!!]RC=16 ok p=1
Q39:	| ........ ........ ........ ........ |[!!]RC=23 ok p=1
Q40:	| ........ ........ ........ ........ |[!!]RC=4 ok p=1
Q41:	| ........ ........ ........ ........ |[!!]RC=11 ok p=1
Q42:	| ........ ........ ........ ........ |[!!]RC=16 ok p=1
Q43:	| ........ ........ ........ ........ |[!!]RC=23 ok p=1
Q44:	| ........ ........ ........ ........ |[!!]RC=4 ok p=1
Q45:	| ........ ........ ........ ........ |[!!]RC=11 ok p=1
Q46:	| ........ ........ ........ ........ |[!!]RC=16 ok p=1
Q47:	| ........ ........ ........ ........ |[!!]RC=23 ok p=1
Q48:	| ........ ........ ........ ........ |[!!]RC=6 ok p=1
Q49:	| ........ ........ ........ ........ |[!!]RC=10 ok p=1
Q50:	| ........ ........ ........ ........ |[!!]RC=15 ok p=1
Q51:	| ........ ........ ........ ........ |[!!]RC=21 ok p=1
Q52:	| ........ ........ ........ ........ |[!!]RC=6 ok p=1
Q53:	| ........ ........ ........ ........ |[!!]RC=10 ok p=1
Q54:	| ........ ........ ........ ........ |[!!]RC=15 ok p=1
Q55:	| 0....... ........ ........ ........ |[!!]RC=21 ok p=1
Q56:	| 1....... ........ ........ ........ |[!-25!]RC=6 ok p=0.485352
Q57:	| +....... ........ ........ ........ |[!!]RC=10 ok p=1
Q58:	| -....... ........ ........ ........ |[!!]RC=15 ok p=1
Q59:	| -....... ........ ........ ........ |[!!]RC=21 ok p=1
Q60:	| -....... ........ ........ ........ |[!!]RC=6 ok p=1
Q61:	| -....... ........ ........ ........ |[!!]RC=10 ok p=1
Q62:	| -....... ........ ........ ........ |[!!]RC=15 ok p=1
Q63:	| +....... ........ ........ ........ |[!!]RC=21 ok p=0.508789
Q64:	| +....... ...+.... ........ ........ |


NICS2:
delta_m[8] = [!31!]
------------minimum path------------
Q13:	| ...+.-.. .+.....+ .+...+.. ..+..... |
Q14:	| ....-... ..-..... .....-.. 1.....-. |
Q15:	| -...1... ..+.0... .....0.. +..0..1. |
Q16:	| -...-... ..-.1... .....1.. ...1..-. |[!!]RC=5 ok p=0.219727
Q17:	| 0....... ..0.+... .....+.. ^..+.... |[!!]RC=9 ok p=0.49707
Q18:	| -...^... ..1..... 0.....0. ......^. |[!!]RC=14 ok p=1
Q19:	| +......0 ..+.^... 0....^1. ...^.... |[!!]RC=20 ok p=0.961914
Q20:	| -......1 ........ -.....-. ........ |[!!]RC=5 ok p=0.990234
Q21:	| -......+ ..^..... ........ ....0... |[!!]RC=9 ok p=0.993164
Q22:	| -.0..... ........ ^.....^. ....1... |[!!]RC=14 ok p=1
Q23:	| -.1....^ ........ ........ ....+... |[!!]RC=20 ok p=0.765625
Q24:	| -.-..... ........ ........ ........ |[!!]RC=5 ok p=0.730469
Q25:	| -....... ......0. ........ ....^... |[!!]RC=9 ok p=1
Q26:	| -.^..... ......1. ........ ........ |[!!]RC=14 ok p=1
Q27:	| +....... ......+. ........ ........ |[!31!]RC=20 ok p=0.87207
Q28:	| +....... ........ ........ ........ |[!!]RC=5 ok p=1
Q29:	| +....... ......^. ........ ........ |[!!]RC=9 ok p=1
Q30:	| +....... ........ ........ ........ |[!!]RC=14 ok p=0.516602
Q31:	| 1....... ........ ........ ........ |[!!]RC=20 ok p=1
Q32:	| ^....... ........ ........ ........ |[!!]RC=4 ok p=1
Q33:	| ........ ........ ........ ........ |[!31!]RC=11 ok p=1
Q34:	| ........ ........ ........ ........ |[!!]RC=16 ok p=1
Q35:	| ........ ........ ........ ........ |[!!]RC=23 ok p=1
Q36:	| ........ ........ ........ ........ |[!!]RC=4 ok p=1
Q37:	| ........ ........ ........ ........ |[!!]RC=11 ok p=1
Q38:	| ........ ........ ........ ........ |[!!]RC=16 ok p=1
Q39:	| ........ ........ ........ ........ |[!!]RC=23 ok p=1
Q40:	| ........ ........ ........ ........ |[!!]RC=4 ok p=1
Q41:	| ........ ........ ........ ........ |[!!]RC=11 ok p=1
Q42:	| ........ ........ ........ ........ |[!!]RC=16 ok p=1
Q43:	| ........ ........ ........ ........ |[!!]RC=23 ok p=1
Q44:	| ........ ........ ........ ........ |[!!]RC=4 ok p=1
Q45:	| ........ ........ ........ ........ |[!!]RC=11 ok p=1
Q46:	| ........ ........ ........ ........ |[!!]RC=16 ok p=1
Q47:	| ........ ........ ........ ........ |[!!]RC=23 ok p=1
Q48:	| ........ ........ ........ ........ |[!!]RC=6 ok p=1
Q49:	| ........ ........ ........ ........ |[!!]RC=10 ok p=1
Q50:	| ........ ........ ........ ........ |[!!]RC=15 ok p=1
Q51:	| ........ ........ ........ ........ |[!!]RC=21 ok p=1
Q52:	| ........ ........ ........ ........ |[!!]RC=6 ok p=1
Q53:	| ........ ........ ........ ........ |[!!]RC=10 ok p=1
Q54:	| ........ ........ ........ ........ |[!!]RC=15 ok p=1
Q55:	| ........ ........ ........ ..0..... |[!!]RC=21 ok p=1
Q56:	| ........ ........ ........ ..1..... |[!31!]RC=6 ok p=0.467773
Q57:	| ........ ........ ........ .0+..... |[!!]RC=10 ok p=1
Q58:	| ........ ........ ........ .Q+..... |[!!]RC=15 ok p=1
Q59:	| ........ ........ ........ .+-..... |[!!]RC=21 ok p=1
Q60:	| ........ ........ ........ .Q+..... |[!!]RC=6 ok p=1
Q61:	| ........ ........ ........ .+-..... |[!!]RC=10 ok p=1
Q62:	| ........ ........ ........ ..+..... |[!!]RC=15 ok p=1
Q63:	| ........ ........ ........ .1+..... |[!!]RC=21 ok p=0.977539
Q64:	| .....+.. ........ ........ ..+..... |

------------maximum path------------
Q13:	| ...-.-.. -.+..... .-...-.. +.-....- |
Q14:	| ....0... ..+..... ....--.. 0.....0. |
Q15:	| +...0... ..0.0... ....10.. -..0..0. |
Q16:	| +...+... ..+.1... ....01.. ...1..+. |[!!]RC=5 ok p=0.272461
Q17:	| 0....... ..+.-... .....-.. ^..-.... |[!!]RC=9 ok p=0.478516
Q18:	| +...^... ..0..... 0.....0. ......^. |[!!]RC=14 ok p=0.998047
Q19:	| +......0 ..-.^... 0....^1. ...^.... |[!!]RC=20 ok p=0.980469
Q20:	| -......1 ........ +.....+. ........ |[!!]RC=5 ok p=0.993164
Q21:	| -......- ..^..... ........ ....0... |[!!]RC=9 ok p=0.991211
Q22:	| -.0..... ........ ^.....^. ....1... |[!!]RC=14 ok p=0.999023
Q23:	| -.1....^ ........ ........ ....-... |[!!]RC=20 ok p=0.765625
Q24:	| -.+..... ........ ........ ........ |[!!]RC=5 ok p=0.750977
Q25:	| -....... ......0. ........ ....^... |[!!]RC=9 ok p=1
Q26:	| -.^..... ......1. ........ ........ |[!!]RC=14 ok p=1
Q27:	| +....... ......-. ........ ........ |[!31!]RC=20 ok p=0.866211
Q28:	| +....... ........ ........ ........ |[!!]RC=5 ok p=1
Q29:	| +....... ......^. ........ ........ |[!!]RC=9 ok p=1
Q30:	| +....... ........ ........ ........ |[!!]RC=14 ok p=0.494141
Q31:	| 1....... ........ ........ ........ |[!!]RC=20 ok p=1
Q32:	| ^....... ........ ........ ........ |[!!]RC=4 ok p=1
Q33:	| ........ ........ ........ ........ |[!31!]RC=11 ok p=1
Q34:	| ........ ........ ........ ........ |[!!]RC=16 ok p=1
Q35:	| ........ ........ ........ ........ |[!!]RC=23 ok p=1
Q36:	| ........ ........ ........ ........ |[!!]RC=4 ok p=1
Q37:	| ........ ........ ........ ........ |[!!]RC=11 ok p=1
Q38:	| ........ ........ ........ ........ |[!!]RC=16 ok p=1
Q39:	| ........ ........ ........ ........ |[!!]RC=23 ok p=1
Q40:	| ........ ........ ........ ........ |[!!]RC=4 ok p=1
Q41:	| ........ ........ ........ ........ |[!!]RC=11 ok p=1
Q42:	| ........ ........ ........ ........ |[!!]RC=16 ok p=1
Q43:	| ........ ........ ........ ........ |[!!]RC=23 ok p=1
Q44:	| ........ ........ ........ ........ |[!!]RC=4 ok p=1
Q45:	| ........ ........ ........ ........ |[!!]RC=11 ok p=1
Q46:	| ........ ........ ........ ........ |[!!]RC=16 ok p=1
Q47:	| ........ ........ ........ ........ |[!!]RC=23 ok p=1
Q48:	| ........ ........ ........ ........ |[!!]RC=6 ok p=1
Q49:	| ........ ........ ........ ........ |[!!]RC=10 ok p=1
Q50:	| ........ ........ ........ ........ |[!!]RC=15 ok p=1
Q51:	| ........ ........ ........ ........ |[!!]RC=21 ok p=1
Q52:	| ........ ........ ........ ........ |[!!]RC=6 ok p=1
Q53:	| ........ ........ ........ ........ |[!!]RC=10 ok p=1
Q54:	| ........ ........ ........ ........ |[!!]RC=15 ok p=1
Q55:	| ........ ........ ........ ..0..... |[!!]RC=21 ok p=1
Q56:	| ........ ........ ........ ..1..... |[!31!]RC=6 ok p=0.50293
Q57:	| ........ ........ ........ .0+..... |[!!]RC=10 ok p=1
Q58:	| ........ ........ ........ .Q+..... |[!!]RC=15 ok p=1
Q59:	| ........ ........ ........ .+-..... |[!!]RC=21 ok p=1
Q60:	| ........ ........ ........ .Q+..... |[!!]RC=6 ok p=1
Q61:	| ........ ........ ........ .+-..... |[!!]RC=10 ok p=1
Q62:	| ........ ........ ........ ..+..... |[!!]RC=15 ok p=1
Q63:	| ........ ........ ........ .1+..... |[!!]RC=21 ok p=0.985352
Q64:	| .....+.. ........ ........ ..+..... |











